2025-09-30 18:17:03,232 - AdeonaBot - INFO - Starting Enhanced Adeona Chatbot with Permanent Local Data Storage and Fixed Cancellation... (main.py:26)
2025-09-30 18:17:03,232 - AdeonaBot - INFO - ✓ Settings validated (main.py:30)
2025-09-30 18:17:03,233 - AdeonaBot - INFO - Found 31 scraped data files (local_data_loader.py:48)
2025-09-30 18:17:03,233 - AdeonaBot - INFO - ✓ Local data files found: 31 (main.py:34)
2025-09-30 18:17:03,233 - AdeonaBot - INFO - ✓ Local data available: 177523 bytes total (main.py:39)
2025-09-30 18:17:03,233 - AdeonaBot - INFO - Initializing services... (main.py:42)
2025-09-30 18:17:03,233 - AdeonaBot - INFO - Calling function: initialize_services (logger.py:83)
2025-09-30 18:17:03,233 - AdeonaBot - INFO - Calling function: initialize_vectordb (logger.py:83)
2025-09-30 18:17:08,650 - AdeonaBot - INFO - Found 126 existing local vectors in VectorDB (vectordb_service.py:90)
2025-09-30 18:17:08,650 - AdeonaBot - INFO - VectorDB initialized successfully with permanent local data (vectordb_service.py:67)
2025-09-30 18:17:08,650 - AdeonaBot - INFO - Calling function: initialize_googlesheets (logger.py:83)
2025-09-30 18:17:08,650 - AdeonaBot - INFO - Google Sheets service initialized with cached data (googlesheet_service.py:47)
2025-09-30 18:17:08,650 - AdeonaBot - INFO - Services initialized successfully with permanent local data storage (chatbot.py:1075)
2025-09-30 18:17:09,618 - AdeonaBot - INFO - Found 31 scraped data files (local_data_loader.py:48)
2025-09-30 18:17:09,619 - AdeonaBot - INFO - ✓ Local data permanently loaded: 126 vectors in VectorDB (main.py:51)
2025-09-30 18:17:09,619 - AdeonaBot - INFO - ✓ Total VectorDB vectors: 132 (main.py:55)
2025-09-30 18:17:09,619 - AdeonaBot - INFO - System Capabilities: (main.py:58)
2025-09-30 18:17:09,619 - AdeonaBot - INFO -   • Local Data Storage: ✓ Active (main.py:59)
2025-09-30 18:17:09,619 - AdeonaBot - INFO -   • SerpAPI Fallback: ✓ Available (main.py:60)
2025-09-30 18:17:09,620 - AdeonaBot - INFO -   • Service Booking: ✓ Active (main.py:61)
2025-09-30 18:17:09,620 - AdeonaBot - INFO -   • Service Cancellation: ✓ Fixed & Active (24-hour window) (main.py:62)
2025-09-30 18:17:09,620 - AdeonaBot - INFO -   • Audio Responses: ✓ Active (main.py:63)
2025-09-30 18:17:09,620 - AdeonaBot - INFO - 🚀 Enhanced Adeona Chatbot with Fixed Cancellation startup completed successfully! (main.py:65)
2025-09-30 18:17:25,825 - AdeonaBot - INFO - Serving frontend from: frontend/index.html (main.py:120)
2025-09-30 18:17:41,511 - AdeonaBot - INFO - Calling function: chat_endpoint with params: {'message_length': 2} (logger.py:83)
2025-09-30 18:17:41,513 - AdeonaBot - INFO - Calling function: process_message with params: {'message_length': 2, 'session_id': 'session_1759236446114_ejxn4j7gh'} (logger.py:83)
2025-09-30 18:17:41,514 - AdeonaBot - INFO - Calling function: _generate_audio_response with params: {'text_length': 491} (logger.py:83)
2025-09-30 18:17:41,514 - AdeonaBot - INFO - Calling function: generate_speech with params: {'text_length': 491, 'voice': 'Kore', 'output_file': 'response_20250930_181741_514.wav'} (logger.py:83)
2025-09-30 18:18:08,540 - AdeonaBot - INFO - Audio saved to static/audio/response_20250930_181741_514.wav (gemini_service.py:303)
2025-09-30 18:18:08,541 - AdeonaBot - INFO - Speech generated: static/audio/response_20250930_181741_514.wav (1897530 bytes) for 478 chars (gemini_service.py:417)
2025-09-30 18:18:08,542 - AdeonaBot - INFO - Audio file verified: static/audio/response_20250930_181741_514.wav (1897530 bytes) (chatbot.py:1038)
2025-09-30 18:18:08,542 - AdeonaBot - INFO - Audio URL generated: /api/v1/audio/response_20250930_181741_514.wav (chatbot.py:107)
2025-09-30 18:18:08,543 - AdeonaBot - INFO - Chat response generated for session: session_1759236446114_ejxn4j7gh (routes.py:126)
2025-09-30 18:18:09,389 - AdeonaBot - INFO - Calling function: get_audio_file with params: {'filename': 'response_20250930_181741_514.wav'} (logger.py:83)
2025-09-30 18:18:09,389 - AdeonaBot - INFO - Serving audio file: static/audio/response_20250930_181741_514.wav (1897530 bytes) (routes.py:167)
2025-09-30 18:29:13,082 - AdeonaBot - INFO - Calling function: chat_endpoint with params: {'message_length': 24} (logger.py:83)
2025-09-30 18:29:13,085 - AdeonaBot - INFO - Calling function: process_message with params: {'message_length': 24, 'session_id': 'session_1759236446114_ejxn4j7gh'} (logger.py:83)
2025-09-30 18:29:13,087 - AdeonaBot - INFO - Calling function: _handle_social_media_request with params: {'query': 'I need a twitter profile'} (logger.py:83)
2025-09-30 18:29:13,087 - AdeonaBot - INFO - Calling function: _generate_audio_response with params: {'text_length': 234} (logger.py:83)
2025-09-30 18:29:13,087 - AdeonaBot - INFO - Calling function: generate_speech with params: {'text_length': 234, 'voice': 'Kore', 'output_file': 'response_20250930_182913_087.wav'} (logger.py:83)
2025-09-30 18:29:25,411 - AdeonaBot - INFO - Audio saved to static/audio/response_20250930_182913_087.wav (gemini_service.py:303)
2025-09-30 18:29:25,411 - AdeonaBot - INFO - Speech generated: static/audio/response_20250930_182913_087.wav (480570 bytes) for 103 chars (gemini_service.py:417)
2025-09-30 18:29:25,413 - AdeonaBot - INFO - Audio file verified: static/audio/response_20250930_182913_087.wav (480570 bytes) (chatbot.py:1038)
2025-09-30 18:29:25,413 - AdeonaBot - INFO - Audio URL generated: /api/v1/audio/response_20250930_182913_087.wav (chatbot.py:107)
2025-09-30 18:29:25,413 - AdeonaBot - INFO - Chat response generated for session: session_1759236446114_ejxn4j7gh (routes.py:126)
2025-09-30 18:29:26,235 - AdeonaBot - INFO - Calling function: get_audio_file with params: {'filename': 'response_20250930_182913_087.wav'} (logger.py:83)
2025-09-30 18:29:26,236 - AdeonaBot - INFO - Serving audio file: static/audio/response_20250930_182913_087.wav (480570 bytes) (routes.py:167)
2025-09-30 18:29:58,973 - AdeonaBot - INFO - Calling function: chat_endpoint with params: {'message_length': 25} (logger.py:83)
2025-09-30 18:29:58,974 - AdeonaBot - INFO - Calling function: process_message with params: {'message_length': 25, 'session_id': 'session_1759236446114_ejxn4j7gh'} (logger.py:83)
2025-09-30 18:29:58,974 - AdeonaBot - INFO - Calling function: _handle_social_media_request with params: {'query': 'I need a Facebook profile'} (logger.py:83)
2025-09-30 18:29:58,974 - AdeonaBot - INFO - Calling function: search_with_fallback with params: {'query': 'facebook profile social media'} (logger.py:83)
2025-09-30 18:29:58,974 - AdeonaBot - INFO - Calling function: search_adeona_knowledge with params: {'query': 'facebook profile social media', 'top_k': 5} (logger.py:83)
2025-09-30 18:29:58,974 - AdeonaBot - INFO - Expanded query: facebook profile social media Adeona Technologies (vectordb_service.py:274)
2025-09-30 18:29:58,974 - AdeonaBot - INFO - Calling function: generate_embedding with params: {'text_length': 49} (logger.py:83)
2025-09-30 18:29:59,656 - AdeonaBot - INFO - Generated embedding with dimension: 768 (gemini_service.py:271)
2025-09-30 18:30:02,339 - AdeonaBot - INFO - Namespace adeona_local_scraped: Found 10 results above threshold 0.6 (vectordb_service.py:298)
2025-09-30 18:30:02,340 - AdeonaBot - INFO - Local search returned 10 results with expanded query (vectordb_service.py:207)
2025-09-30 18:30:02,340 - AdeonaBot - INFO - Result quality breakdown: 0 excellent, 0 good, 10 decent (vectordb_service.py:214)
2025-09-30 18:30:02,340 - AdeonaBot - INFO - Using decent local results (vectordb_service.py:228)
2025-09-30 18:30:02,340 - AdeonaBot - INFO - Local search found 5 results (vectordb_service.py:313)
2025-09-30 18:30:02,340 - AdeonaBot - INFO - All results have low scores - using fallback (vectordb_service.py:363)
2025-09-30 18:30:02,340 - AdeonaBot - INFO - Using SerpAPI fallback for additional context (vectordb_service.py:323)
2025-09-30 18:30:02,340 - AdeonaBot - INFO - Calling function: search_adeona_specific with params: {'query': 'facebook profile social media', 'max_results': 5} (logger.py:83)
2025-09-30 18:30:02,342 - AdeonaBot - INFO - Executing site_specific strategy: site:adeonatech.net facebook profile social media (serpapi_service.py:147)
2025-09-30 18:30:05,920 - AdeonaBot - WARNING - site_specific strategy returned no results (serpapi_service.py:158)
2025-09-30 18:30:05,922 - AdeonaBot - INFO - Executing company_specific strategy: "Adeona Technologies" facebook profile social media (serpapi_service.py:147)
2025-09-30 18:30:16,367 - AdeonaBot - INFO - company_specific strategy found 5 results (serpapi_service.py:155)
2025-09-30 18:30:16,369 - AdeonaBot - INFO - Deduplication: 1 -> 1 -> 1 (serpapi_service.py:318)
2025-09-30 18:30:16,369 - AdeonaBot - INFO - SerpAPI search completed: 1 final results (serpapi_service.py:77)
2025-09-30 18:30:16,369 - AdeonaBot - INFO - SerpAPI fallback returned 1 results (vectordb_service.py:438)
2025-09-30 18:30:16,369 - AdeonaBot - INFO - Combined results: 5 local + 1 SerpAPI = 6 final (vectordb_service.py:388)
2025-09-30 18:30:16,369 - AdeonaBot - INFO - Calling function: _generate_audio_response with params: {'text_length': 217} (logger.py:83)
2025-09-30 18:30:16,369 - AdeonaBot - INFO - Calling function: generate_speech with params: {'text_length': 217, 'voice': 'Kore', 'output_file': 'response_20250930_183016_369.wav'} (logger.py:83)
2025-09-30 18:30:46,584 - AdeonaBot - WARNING - TTS request timeout (attempt 1) (gemini_service.py:425)
2025-09-30 18:30:56,156 - AdeonaBot - INFO - Audio saved to static/audio/response_20250930_183016_369.wav (gemini_service.py:303)
2025-09-30 18:30:56,156 - AdeonaBot - INFO - Speech generated: static/audio/response_20250930_183016_369.wav (411450 bytes) for 90 chars (gemini_service.py:417)
2025-09-30 18:30:56,156 - AdeonaBot - INFO - Audio file verified: static/audio/response_20250930_183016_369.wav (411450 bytes) (chatbot.py:1038)
2025-09-30 18:30:56,156 - AdeonaBot - INFO - Audio URL generated: /api/v1/audio/response_20250930_183016_369.wav (chatbot.py:107)
2025-09-30 18:30:56,156 - AdeonaBot - INFO - Chat response generated for session: session_1759236446114_ejxn4j7gh (routes.py:126)
2025-09-30 18:30:56,972 - AdeonaBot - INFO - Calling function: get_audio_file with params: {'filename': 'response_20250930_183016_369.wav'} (logger.py:83)
2025-09-30 18:30:56,972 - AdeonaBot - INFO - Serving audio file: static/audio/response_20250930_183016_369.wav (411450 bytes) (routes.py:167)
2025-09-30 18:31:40,060 - AdeonaBot - INFO - Calling function: chat_endpoint with params: {'message_length': 40} (logger.py:83)
2025-09-30 18:31:40,063 - AdeonaBot - INFO - Calling function: process_message with params: {'message_length': 40, 'session_id': 'session_1759236446114_ejxn4j7gh'} (logger.py:83)
2025-09-30 18:31:40,064 - AdeonaBot - INFO - Context-aware processing: 'Tell me who is the owner of this company...' -> 'Tell me who is the owner of Adeona Technologies...' (chatbot.py:189)
2025-09-30 18:31:40,065 - AdeonaBot - INFO - Calling function: handle_company_question_enhanced with params: {'query': 'Tell me who is the owner of Adeona Technologies'} (logger.py:83)
2025-09-30 18:31:40,066 - AdeonaBot - INFO - Calling function: search_with_fallback with params: {'query': 'Tell me who is the owner of Adeona Technologies'} (logger.py:83)
2025-09-30 18:31:40,066 - AdeonaBot - INFO - Calling function: search_adeona_knowledge with params: {'query': 'Tell me who is the owner of Adeona Technologies', 'top_k': 12} (logger.py:83)
2025-09-30 18:31:40,066 - AdeonaBot - INFO - Expanded query: Tell me who is the owner of Adeona Technologies (vectordb_service.py:274)
2025-09-30 18:31:40,066 - AdeonaBot - INFO - Calling function: generate_embedding with params: {'text_length': 47} (logger.py:83)
2025-09-30 18:31:40,744 - AdeonaBot - INFO - Generated embedding with dimension: 768 (gemini_service.py:271)
2025-09-30 18:31:44,023 - AdeonaBot - INFO - Namespace adeona_local_scraped: Found 24 results above threshold 0.6 (vectordb_service.py:298)
2025-09-30 18:31:44,023 - AdeonaBot - INFO - Local search returned 24 results with expanded query (vectordb_service.py:207)
2025-09-30 18:31:44,024 - AdeonaBot - INFO - Result quality breakdown: 0 excellent, 2 good, 24 decent (vectordb_service.py:214)
2025-09-30 18:31:44,024 - AdeonaBot - INFO - Using good local results (vectordb_service.py:223)
2025-09-30 18:31:44,024 - AdeonaBot - INFO - Local search found 2 results (vectordb_service.py:313)
2025-09-30 18:31:44,024 - AdeonaBot - INFO - Local results sufficient, no fallback needed (vectordb_service.py:319)
2025-09-30 18:31:44,024 - AdeonaBot - INFO - Calling function: generate_response with params: {'prompt_length': 1640} (logger.py:83)
2025-09-30 18:32:00,124 - AdeonaBot - ERROR - Error in generate_response: 503 UNAVAILABLE. {'error': {'code': 503, 'message': 'The model is overloaded. Please try again later.', 'status': 'UNAVAILABLE'}} (logger.py:88)
Traceback (most recent call last):
  File "/Users/pasindumalinda/AI_projects/Agent_02/adeona-chatbot/backend/app/services/gemini_service.py", line 40, in generate_response
    response = self.client.models.generate_content(
               ^^^^^^^^^^^^^^^^^^^^^^^^^^^^^^^^^^^^
  File "/Users/pasindumalinda/AI_projects/Agent_02/adeona-chatbot/bot_env/lib/python3.12/site-packages/google/genai/models.py", line 6466, in generate_content
    response = self._generate_content(
               ^^^^^^^^^^^^^^^^^^^^^^^
  File "/Users/pasindumalinda/AI_projects/Agent_02/adeona-chatbot/bot_env/lib/python3.12/site-packages/google/genai/models.py", line 5278, in _generate_content
    response = self._api_client.request(
               ^^^^^^^^^^^^^^^^^^^^^^^^^
  File "/Users/pasindumalinda/AI_projects/Agent_02/adeona-chatbot/bot_env/lib/python3.12/site-packages/google/genai/_api_client.py", line 1291, in request
    response = self._request(http_request, http_options, stream=False)
               ^^^^^^^^^^^^^^^^^^^^^^^^^^^^^^^^^^^^^^^^^^^^^^^^^^^^^^^
  File "/Users/pasindumalinda/AI_projects/Agent_02/adeona-chatbot/bot_env/lib/python3.12/site-packages/google/genai/_api_client.py", line 1127, in _request
    return self._retry(self._request_once, http_request, stream)  # type: ignore[no-any-return]
           ^^^^^^^^^^^^^^^^^^^^^^^^^^^^^^^^^^^^^^^^^^^^^^^^^^^^^
  File "/Users/pasindumalinda/AI_projects/Agent_02/adeona-chatbot/bot_env/lib/python3.12/site-packages/tenacity/__init__.py", line 477, in __call__
    do = self.iter(retry_state=retry_state)
         ^^^^^^^^^^^^^^^^^^^^^^^^^^^^^^^^^^
  File "/Users/pasindumalinda/AI_projects/Agent_02/adeona-chatbot/bot_env/lib/python3.12/site-packages/tenacity/__init__.py", line 378, in iter
    result = action(retry_state)
             ^^^^^^^^^^^^^^^^^^^
  File "/Users/pasindumalinda/AI_projects/Agent_02/adeona-chatbot/bot_env/lib/python3.12/site-packages/tenacity/__init__.py", line 420, in exc_check
    raise retry_exc.reraise()
          ^^^^^^^^^^^^^^^^^^^
  File "/Users/pasindumalinda/AI_projects/Agent_02/adeona-chatbot/bot_env/lib/python3.12/site-packages/tenacity/__init__.py", line 187, in reraise
    raise self.last_attempt.result()
          ^^^^^^^^^^^^^^^^^^^^^^^^^^
  File "/Library/Frameworks/Python.framework/Versions/3.12/lib/python3.12/concurrent/futures/_base.py", line 449, in result
    return self.__get_result()
           ^^^^^^^^^^^^^^^^^^^
  File "/Library/Frameworks/Python.framework/Versions/3.12/lib/python3.12/concurrent/futures/_base.py", line 401, in __get_result
    raise self._exception
  File "/Users/pasindumalinda/AI_projects/Agent_02/adeona-chatbot/bot_env/lib/python3.12/site-packages/tenacity/__init__.py", line 480, in __call__
    result = fn(*args, **kwargs)
             ^^^^^^^^^^^^^^^^^^^
  File "/Users/pasindumalinda/AI_projects/Agent_02/adeona-chatbot/bot_env/lib/python3.12/site-packages/google/genai/_api_client.py", line 1104, in _request_once
    errors.APIError.raise_for_response(response)
  File "/Users/pasindumalinda/AI_projects/Agent_02/adeona-chatbot/bot_env/lib/python3.12/site-packages/google/genai/errors.py", line 110, in raise_for_response
    raise ServerError(status_code, response_json, response)
google.genai.errors.ServerError: 503 UNAVAILABLE. {'error': {'code': 503, 'message': 'The model is overloaded. Please try again later.', 'status': 'UNAVAILABLE'}}
2025-09-30 18:32:00,131 - AdeonaBot - INFO - Generated enhanced company response using local data (chatbot.py:511)
2025-09-30 18:32:00,131 - AdeonaBot - INFO - Calling function: _generate_audio_response with params: {'text_length': 112} (logger.py:83)
2025-09-30 18:32:00,131 - AdeonaBot - INFO - Calling function: generate_speech with params: {'text_length': 112, 'voice': 'Kore', 'output_file': 'response_20250930_183200_131.wav'} (logger.py:83)
2025-09-30 18:32:12,301 - AdeonaBot - INFO - Audio saved to static/audio/response_20250930_183200_131.wav (gemini_service.py:303)
2025-09-30 18:32:12,301 - AdeonaBot - INFO - Speech generated: static/audio/response_20250930_183200_131.wav (653370 bytes) for 112 chars (gemini_service.py:417)
2025-09-30 18:32:12,302 - AdeonaBot - INFO - Audio file verified: static/audio/response_20250930_183200_131.wav (653370 bytes) (chatbot.py:1038)
2025-09-30 18:32:12,302 - AdeonaBot - INFO - Audio URL generated: /api/v1/audio/response_20250930_183200_131.wav (chatbot.py:107)
2025-09-30 18:32:12,302 - AdeonaBot - INFO - Chat response generated for session: session_1759236446114_ejxn4j7gh (routes.py:126)
2025-09-30 18:32:17,952 - AdeonaBot - INFO - Calling function: get_audio_file with params: {'filename': 'response_20250930_183200_131.wav'} (logger.py:83)
2025-09-30 18:32:17,952 - AdeonaBot - INFO - Serving audio file: static/audio/response_20250930_183200_131.wav (653370 bytes) (routes.py:167)
2025-09-30 18:35:40,173 - AdeonaBot - INFO - Calling function: chat_endpoint with params: {'message_length': 52} (logger.py:83)
2025-09-30 18:35:40,177 - AdeonaBot - INFO - Calling function: process_message with params: {'message_length': 52, 'session_id': 'session_1759236446114_ejxn4j7gh'} (logger.py:83)
2025-09-30 18:35:40,179 - AdeonaBot - INFO - Calling function: handle_company_question_enhanced with params: {'query': 'can you tell me what are the your main capabilitie'} (logger.py:83)
2025-09-30 18:35:40,180 - AdeonaBot - INFO - Calling function: search_with_fallback with params: {'query': 'can you tell me what are the your main capabilitie'} (logger.py:83)
2025-09-30 18:35:40,182 - AdeonaBot - INFO - Calling function: search_adeona_knowledge with params: {'query': 'can you tell me what are the your main capabilitie', 'top_k': 12} (logger.py:83)
2025-09-30 18:35:40,187 - AdeonaBot - INFO - Expanded query: can you tell me what are the your main capabilities? Adeona Technologies (vectordb_service.py:274)
2025-09-30 18:35:40,188 - AdeonaBot - INFO - Calling function: generate_embedding with params: {'text_length': 72} (logger.py:83)
2025-09-30 18:35:41,179 - AdeonaBot - INFO - Generated embedding with dimension: 768 (gemini_service.py:271)
2025-09-30 18:35:44,890 - AdeonaBot - INFO - Namespace adeona_local_scraped: Found 24 results above threshold 0.6 (vectordb_service.py:298)
2025-09-30 18:35:44,890 - AdeonaBot - INFO - Local search returned 24 results with expanded query (vectordb_service.py:207)
2025-09-30 18:35:44,890 - AdeonaBot - INFO - Result quality breakdown: 0 excellent, 6 good, 24 decent (vectordb_service.py:214)
2025-09-30 18:35:44,890 - AdeonaBot - INFO - Using good local results (vectordb_service.py:223)
2025-09-30 18:35:44,890 - AdeonaBot - INFO - Local search found 6 results (vectordb_service.py:313)
2025-09-30 18:35:44,890 - AdeonaBot - INFO - Have 6 moderate-quality results - no fallback needed (vectordb_service.py:352)
2025-09-30 18:35:44,890 - AdeonaBot - INFO - Local results sufficient, no fallback needed (vectordb_service.py:319)
2025-09-30 18:35:44,890 - AdeonaBot - INFO - Calling function: generate_response with params: {'prompt_length': 2895} (logger.py:83)
2025-09-30 18:36:03,701 - AdeonaBot - INFO - Generated response with 1006 characters (gemini_service.py:45)
2025-09-30 18:36:03,701 - AdeonaBot - INFO - Generated enhanced company response using local data (chatbot.py:511)
2025-09-30 18:36:03,702 - AdeonaBot - INFO - Calling function: _generate_audio_response with params: {'text_length': 1006} (logger.py:83)
2025-09-30 18:36:03,702 - AdeonaBot - INFO - Text truncated to 500 characters for TTS (chatbot.py:1024)
2025-09-30 18:36:03,702 - AdeonaBot - INFO - Calling function: generate_speech with params: {'text_length': 503, 'voice': 'Kore', 'output_file': 'response_20250930_183603_702.wav'} (logger.py:83)
2025-09-30 18:36:20,514 - AdeonaBot - INFO - Audio saved to static/audio/response_20250930_183603_702.wav (gemini_service.py:303)
2025-09-30 18:36:20,515 - AdeonaBot - INFO - Speech generated: static/audio/response_20250930_183603_702.wav (1548090 bytes) for 475 chars (gemini_service.py:417)
2025-09-30 18:36:20,516 - AdeonaBot - INFO - Audio file verified: static/audio/response_20250930_183603_702.wav (1548090 bytes) (chatbot.py:1038)
2025-09-30 18:36:20,516 - AdeonaBot - INFO - Audio URL generated: /api/v1/audio/response_20250930_183603_702.wav (chatbot.py:107)
2025-09-30 18:36:20,517 - AdeonaBot - INFO - Chat response generated for session: session_1759236446114_ejxn4j7gh (routes.py:126)
2025-09-30 18:36:21,366 - AdeonaBot - INFO - Calling function: get_audio_file with params: {'filename': 'response_20250930_183603_702.wav'} (logger.py:83)
2025-09-30 18:36:21,368 - AdeonaBot - INFO - Serving audio file: static/audio/response_20250930_183603_702.wav (1548090 bytes) (routes.py:167)
2025-09-30 18:37:47,123 - AdeonaBot - INFO - Application shutdown completed (main.py:74)
2025-09-30 18:37:48,515 - AdeonaBot - INFO - Starting Enhanced Adeona Chatbot with Permanent Local Data Storage and Fixed Cancellation... (main.py:26)
2025-09-30 18:37:48,515 - AdeonaBot - INFO - ✓ Settings validated (main.py:30)
2025-09-30 18:37:48,515 - AdeonaBot - INFO - Found 31 scraped data files (local_data_loader.py:48)
2025-09-30 18:37:48,516 - AdeonaBot - INFO - ✓ Local data files found: 31 (main.py:34)
2025-09-30 18:37:48,516 - AdeonaBot - INFO - ✓ Local data available: 177523 bytes total (main.py:39)
2025-09-30 18:37:48,516 - AdeonaBot - INFO - Initializing services... (main.py:42)
2025-09-30 18:37:48,516 - AdeonaBot - INFO - Calling function: initialize_services (logger.py:83)
2025-09-30 18:37:48,516 - AdeonaBot - INFO - Calling function: initialize_vectordb (logger.py:83)
2025-09-30 18:37:53,952 - AdeonaBot - INFO - Found 126 existing local vectors in VectorDB (vectordb_service.py:90)
2025-09-30 18:37:53,952 - AdeonaBot - INFO - VectorDB initialized successfully with permanent local data (vectordb_service.py:67)
2025-09-30 18:37:53,952 - AdeonaBot - INFO - Calling function: initialize_googlesheets (logger.py:83)
2025-09-30 18:37:53,952 - AdeonaBot - INFO - Google Sheets service initialized with cached data (googlesheet_service.py:47)
2025-09-30 18:37:53,952 - AdeonaBot - INFO - Services initialized successfully with permanent local data storage (chatbot.py:1075)
2025-09-30 18:37:55,010 - AdeonaBot - INFO - Found 31 scraped data files (local_data_loader.py:48)
2025-09-30 18:37:55,010 - AdeonaBot - INFO - ✓ Local data permanently loaded: 126 vectors in VectorDB (main.py:51)
2025-09-30 18:37:55,010 - AdeonaBot - INFO - ✓ Total VectorDB vectors: 132 (main.py:55)
2025-09-30 18:37:55,010 - AdeonaBot - INFO - System Capabilities: (main.py:58)
2025-09-30 18:37:55,010 - AdeonaBot - INFO -   • Local Data Storage: ✓ Active (main.py:59)
2025-09-30 18:37:55,010 - AdeonaBot - INFO -   • SerpAPI Fallback: ✓ Available (main.py:60)
2025-09-30 18:37:55,010 - AdeonaBot - INFO -   • Service Booking: ✓ Active (main.py:61)
2025-09-30 18:37:55,010 - AdeonaBot - INFO -   • Service Cancellation: ✓ Fixed & Active (24-hour window) (main.py:62)
2025-09-30 18:37:55,010 - AdeonaBot - INFO -   • Audio Responses: ✓ Active (main.py:63)
2025-09-30 18:37:55,010 - AdeonaBot - INFO - 🚀 Enhanced Adeona Chatbot with Fixed Cancellation startup completed successfully! (main.py:65)
2025-09-30 18:38:42,806 - AdeonaBot - INFO - Calling function: chat_endpoint with params: {'message_length': 55} (logger.py:83)
2025-09-30 18:38:42,807 - AdeonaBot - INFO - Calling function: process_message with params: {'message_length': 55, 'session_id': 'session_1759236446114_ejxn4j7gh'} (logger.py:83)
2025-09-30 18:38:42,807 - AdeonaBot - INFO - Calling function: _generate_audio_response with params: {'text_length': 95} (logger.py:83)
2025-09-30 18:38:42,807 - AdeonaBot - INFO - Calling function: generate_speech with params: {'text_length': 95, 'voice': 'Kore', 'output_file': 'response_20250930_183842_807.wav'} (logger.py:83)
2025-09-30 18:38:55,710 - AdeonaBot - INFO - Audio saved to static/audio/response_20250930_183842_807.wav (gemini_service.py:303)
2025-09-30 18:38:55,710 - AdeonaBot - INFO - Speech generated: static/audio/response_20250930_183842_807.wav (526650 bytes) for 95 chars (gemini_service.py:417)
2025-09-30 18:38:55,712 - AdeonaBot - INFO - Audio file verified: static/audio/response_20250930_183842_807.wav (526650 bytes) (chatbot.py:1038)
2025-09-30 18:38:55,713 - AdeonaBot - INFO - Audio URL generated: /api/v1/audio/response_20250930_183842_807.wav (chatbot.py:107)
2025-09-30 18:38:55,713 - AdeonaBot - INFO - Chat response generated for session: session_1759236446114_ejxn4j7gh (routes.py:126)
2025-09-30 18:39:00,505 - AdeonaBot - INFO - Calling function: get_audio_file with params: {'filename': 'response_20250930_183842_807.wav'} (logger.py:83)
2025-09-30 18:39:00,505 - AdeonaBot - INFO - Serving audio file: static/audio/response_20250930_183842_807.wav (526650 bytes) (routes.py:167)
2025-09-30 18:39:26,112 - AdeonaBot - INFO - Calling function: chat_endpoint with params: {'message_length': 19} (logger.py:83)
2025-09-30 18:39:26,112 - AdeonaBot - INFO - Calling function: process_message with params: {'message_length': 19, 'session_id': 'session_1759236446114_ejxn4j7gh'} (logger.py:83)
2025-09-30 18:39:26,114 - AdeonaBot - INFO - Calling function: handle_company_question_enhanced with params: {'query': 'thank you very much'} (logger.py:83)
2025-09-30 18:39:26,114 - AdeonaBot - INFO - Calling function: search_with_fallback with params: {'query': 'thank you very much'} (logger.py:83)
2025-09-30 18:39:26,115 - AdeonaBot - INFO - Calling function: search_adeona_knowledge with params: {'query': 'thank you very much', 'top_k': 12} (logger.py:83)
2025-09-30 18:39:26,115 - AdeonaBot - INFO - Expanded query: thank you very much Adeona Technologies (vectordb_service.py:274)
2025-09-30 18:39:26,115 - AdeonaBot - INFO - Calling function: generate_embedding with params: {'text_length': 39} (logger.py:83)
2025-09-30 18:39:26,753 - AdeonaBot - INFO - Generated embedding with dimension: 768 (gemini_service.py:271)
2025-09-30 18:39:30,936 - AdeonaBot - INFO - Namespace adeona_local_scraped: Found 24 results above threshold 0.6 (vectordb_service.py:298)
2025-09-30 18:39:30,936 - AdeonaBot - INFO - Local search returned 24 results with expanded query (vectordb_service.py:207)
2025-09-30 18:39:30,936 - AdeonaBot - INFO - Result quality breakdown: 0 excellent, 1 good, 24 decent (vectordb_service.py:214)
2025-09-30 18:39:30,936 - AdeonaBot - INFO - Using good local results (vectordb_service.py:223)
2025-09-30 18:39:30,936 - AdeonaBot - INFO - Local search found 1 results (vectordb_service.py:313)
2025-09-30 18:39:30,936 - AdeonaBot - INFO - Local results sufficient, no fallback needed (vectordb_service.py:319)
2025-09-30 18:39:30,936 - AdeonaBot - INFO - Calling function: generate_response with params: {'prompt_length': 1188} (logger.py:83)
2025-09-30 18:39:44,278 - AdeonaBot - INFO - Generated response with 463 characters (gemini_service.py:45)
2025-09-30 18:39:44,278 - AdeonaBot - INFO - Generated enhanced company response using local data (chatbot.py:511)
2025-09-30 18:39:44,279 - AdeonaBot - INFO - Calling function: _generate_audio_response with params: {'text_length': 463} (logger.py:83)
2025-09-30 18:39:44,279 - AdeonaBot - INFO - Calling function: generate_speech with params: {'text_length': 463, 'voice': 'Kore', 'output_file': 'response_20250930_183944_279.wav'} (logger.py:83)
2025-09-30 18:40:03,685 - AdeonaBot - INFO - Audio saved to static/audio/response_20250930_183944_279.wav (gemini_service.py:303)
2025-09-30 18:40:03,685 - AdeonaBot - INFO - Speech generated: static/audio/response_20250930_183944_279.wav (1647930 bytes) for 408 chars (gemini_service.py:417)
2025-09-30 18:40:03,687 - AdeonaBot - INFO - Audio file verified: static/audio/response_20250930_183944_279.wav (1647930 bytes) (chatbot.py:1038)
2025-09-30 18:40:03,687 - AdeonaBot - INFO - Audio URL generated: /api/v1/audio/response_20250930_183944_279.wav (chatbot.py:107)
2025-09-30 18:40:03,687 - AdeonaBot - INFO - Chat response generated for session: session_1759236446114_ejxn4j7gh (routes.py:126)
2025-09-30 18:40:04,496 - AdeonaBot - INFO - Calling function: get_audio_file with params: {'filename': 'response_20250930_183944_279.wav'} (logger.py:83)
2025-09-30 18:40:04,496 - AdeonaBot - INFO - Serving audio file: static/audio/response_20250930_183944_279.wav (1647930 bytes) (routes.py:167)
2025-09-30 18:44:36,373 - AdeonaBot - INFO - Calling function: chat_endpoint with params: {'message_length': 27} (logger.py:83)
2025-09-30 18:44:36,377 - AdeonaBot - INFO - Calling function: process_message with params: {'message_length': 27, 'session_id': 'session_1759236446114_ejxn4j7gh'} (logger.py:83)
2025-09-30 18:44:36,377 - AdeonaBot - INFO - Calling function: _handle_social_media_request with params: {'query': 'I want to Linkedin proflile'} (logger.py:83)
2025-09-30 18:44:36,378 - AdeonaBot - INFO - Calling function: _generate_audio_response with params: {'text_length': 241} (logger.py:83)
2025-09-30 18:44:36,378 - AdeonaBot - INFO - Calling function: generate_speech with params: {'text_length': 241, 'voice': 'Kore', 'output_file': 'response_20250930_184436_378.wav'} (logger.py:83)
2025-09-30 18:44:51,106 - AdeonaBot - INFO - Audio saved to static/audio/response_20250930_184436_378.wav (gemini_service.py:303)
2025-09-30 18:44:51,106 - AdeonaBot - INFO - Speech generated: static/audio/response_20250930_184436_378.wav (480570 bytes) for 110 chars (gemini_service.py:417)
2025-09-30 18:44:51,106 - AdeonaBot - INFO - Audio file verified: static/audio/response_20250930_184436_378.wav (480570 bytes) (chatbot.py:1038)
2025-09-30 18:44:51,107 - AdeonaBot - INFO - Audio URL generated: /api/v1/audio/response_20250930_184436_378.wav (chatbot.py:107)
2025-09-30 18:44:51,107 - AdeonaBot - INFO - Chat response generated for session: session_1759236446114_ejxn4j7gh (routes.py:126)
2025-09-30 18:44:51,920 - AdeonaBot - INFO - Calling function: get_audio_file with params: {'filename': 'response_20250930_184436_378.wav'} (logger.py:83)
2025-09-30 18:44:51,920 - AdeonaBot - INFO - Serving audio file: static/audio/response_20250930_184436_378.wav (480570 bytes) (routes.py:167)
2025-09-30 18:45:33,791 - AdeonaBot - INFO - Calling function: chat_endpoint with params: {'message_length': 43} (logger.py:83)
2025-09-30 18:45:33,792 - AdeonaBot - INFO - Calling function: process_message with params: {'message_length': 43, 'session_id': 'session_1759236446114_ejxn4j7gh'} (logger.py:83)
2025-09-30 18:45:33,792 - AdeonaBot - INFO - Context-aware processing: 'what is the date of beginning this company?...' -> 'what is the date of beginning Adeona Technologies?...' (chatbot.py:189)
2025-09-30 18:45:33,792 - AdeonaBot - INFO - Calling function: handle_company_question_enhanced with params: {'query': 'what is the date of beginning Adeona Technologies?'} (logger.py:83)
2025-09-30 18:45:33,792 - AdeonaBot - INFO - Calling function: search_with_fallback with params: {'query': 'what is the date of beginning Adeona Technologies?'} (logger.py:83)
2025-09-30 18:45:33,792 - AdeonaBot - INFO - Calling function: search_adeona_knowledge with params: {'query': 'what is the date of beginning Adeona Technologies?', 'top_k': 12} (logger.py:83)
2025-09-30 18:45:33,792 - AdeonaBot - INFO - Expanded query: what is the date of beginning Adeona Technologies? (vectordb_service.py:274)
2025-09-30 18:45:33,793 - AdeonaBot - INFO - Calling function: generate_embedding with params: {'text_length': 50} (logger.py:83)
2025-09-30 18:45:34,497 - AdeonaBot - INFO - Generated embedding with dimension: 768 (gemini_service.py:271)
2025-09-30 18:45:38,507 - AdeonaBot - INFO - Namespace adeona_local_scraped: Found 24 results above threshold 0.6 (vectordb_service.py:298)
2025-09-30 18:45:38,507 - AdeonaBot - INFO - Local search returned 24 results with expanded query (vectordb_service.py:207)
2025-09-30 18:45:38,507 - AdeonaBot - INFO - Result quality breakdown: 0 excellent, 6 good, 24 decent (vectordb_service.py:214)
2025-09-30 18:45:38,507 - AdeonaBot - INFO - Using good local results (vectordb_service.py:223)
2025-09-30 18:45:38,507 - AdeonaBot - INFO - Local search found 6 results (vectordb_service.py:313)
2025-09-30 18:45:38,507 - AdeonaBot - INFO - Have 6 moderate-quality results - no fallback needed (vectordb_service.py:352)
2025-09-30 18:45:38,507 - AdeonaBot - INFO - Local results sufficient, no fallback needed (vectordb_service.py:319)
2025-09-30 18:45:38,507 - AdeonaBot - INFO - Calling function: generate_response with params: {'prompt_length': 2893} (logger.py:83)
2025-09-30 18:45:49,648 - AdeonaBot - INFO - Generated response with 710 characters (gemini_service.py:45)
2025-09-30 18:45:49,648 - AdeonaBot - INFO - Generated enhanced company response using local data (chatbot.py:511)
2025-09-30 18:45:49,648 - AdeonaBot - INFO - Calling function: _generate_audio_response with params: {'text_length': 710} (logger.py:83)
2025-09-30 18:45:49,648 - AdeonaBot - INFO - Text truncated to 500 characters for TTS (chatbot.py:1024)
2025-09-30 18:45:49,648 - AdeonaBot - INFO - Calling function: generate_speech with params: {'text_length': 503, 'voice': 'Kore', 'output_file': 'response_20250930_184549_648.wav'} (logger.py:83)
2025-09-30 18:46:09,640 - AdeonaBot - INFO - Audio saved to static/audio/response_20250930_184549_648.wav (gemini_service.py:303)
2025-09-30 18:46:09,640 - AdeonaBot - INFO - Speech generated: static/audio/response_20250930_184549_648.wav (1565370 bytes) for 496 chars (gemini_service.py:417)
2025-09-30 18:46:09,642 - AdeonaBot - INFO - Audio file verified: static/audio/response_20250930_184549_648.wav (1565370 bytes) (chatbot.py:1038)
2025-09-30 18:46:09,642 - AdeonaBot - INFO - Audio URL generated: /api/v1/audio/response_20250930_184549_648.wav (chatbot.py:107)
2025-09-30 18:46:09,642 - AdeonaBot - INFO - Chat response generated for session: session_1759236446114_ejxn4j7gh (routes.py:126)
2025-09-30 18:46:10,467 - AdeonaBot - INFO - Calling function: get_audio_file with params: {'filename': 'response_20250930_184549_648.wav'} (logger.py:83)
2025-09-30 18:46:10,467 - AdeonaBot - INFO - Serving audio file: static/audio/response_20250930_184549_648.wav (1565370 bytes) (routes.py:167)
2025-09-30 18:46:50,774 - AdeonaBot - INFO - Application shutdown completed (main.py:74)
2025-09-30 18:46:52,092 - AdeonaBot - INFO - Starting Enhanced Adeona Chatbot with Permanent Local Data Storage and Fixed Cancellation... (main.py:26)
2025-09-30 18:46:52,092 - AdeonaBot - INFO - ✓ Settings validated (main.py:30)
2025-09-30 18:46:52,092 - AdeonaBot - INFO - Found 31 scraped data files (local_data_loader.py:48)
2025-09-30 18:46:52,092 - AdeonaBot - INFO - ✓ Local data files found: 31 (main.py:34)
2025-09-30 18:46:52,092 - AdeonaBot - INFO - ✓ Local data available: 177523 bytes total (main.py:39)
2025-09-30 18:46:52,092 - AdeonaBot - INFO - Initializing services... (main.py:42)
2025-09-30 18:46:52,092 - AdeonaBot - INFO - Calling function: initialize_services (logger.py:83)
2025-09-30 18:46:52,093 - AdeonaBot - INFO - Calling function: initialize_vectordb (logger.py:83)
2025-09-30 18:46:56,839 - AdeonaBot - INFO - Found 126 existing local vectors in VectorDB (vectordb_service.py:90)
2025-09-30 18:46:56,839 - AdeonaBot - INFO - VectorDB initialized successfully with permanent local data (vectordb_service.py:67)
2025-09-30 18:46:56,840 - AdeonaBot - INFO - Calling function: initialize_googlesheets (logger.py:83)
2025-09-30 18:46:56,840 - AdeonaBot - INFO - Google Sheets service initialized with cached data (googlesheet_service.py:47)
2025-09-30 18:46:56,840 - AdeonaBot - INFO - Services initialized successfully with permanent local data storage (chatbot.py:1075)
2025-09-30 18:46:57,788 - AdeonaBot - INFO - Found 31 scraped data files (local_data_loader.py:48)
2025-09-30 18:46:57,789 - AdeonaBot - INFO - ✓ Local data permanently loaded: 126 vectors in VectorDB (main.py:51)
2025-09-30 18:46:57,789 - AdeonaBot - INFO - ✓ Total VectorDB vectors: 132 (main.py:55)
2025-09-30 18:46:57,789 - AdeonaBot - INFO - System Capabilities: (main.py:58)
2025-09-30 18:46:57,789 - AdeonaBot - INFO -   • Local Data Storage: ✓ Active (main.py:59)
2025-09-30 18:46:57,789 - AdeonaBot - INFO -   • SerpAPI Fallback: ✓ Available (main.py:60)
2025-09-30 18:46:57,789 - AdeonaBot - INFO -   • Service Booking: ✓ Active (main.py:61)
2025-09-30 18:46:57,789 - AdeonaBot - INFO -   • Service Cancellation: ✓ Fixed & Active (24-hour window) (main.py:62)
2025-09-30 18:46:57,789 - AdeonaBot - INFO -   • Audio Responses: ✓ Active (main.py:63)
2025-09-30 18:46:57,789 - AdeonaBot - INFO - 🚀 Enhanced Adeona Chatbot with Fixed Cancellation startup completed successfully! (main.py:65)
2025-09-30 18:47:43,837 - AdeonaBot - INFO - Serving frontend from: frontend/index.html (main.py:120)
2025-09-30 18:49:38,072 - AdeonaBot - INFO - Application shutdown completed (main.py:74)
2025-09-30 18:49:56,175 - AdeonaBot - INFO - Starting Enhanced Adeona Chatbot with Permanent Local Data Storage and Fixed Cancellation... (main.py:26)
2025-09-30 18:49:56,175 - AdeonaBot - INFO - ✓ Settings validated (main.py:30)
2025-09-30 18:49:56,176 - AdeonaBot - INFO - Found 31 scraped data files (local_data_loader.py:48)
2025-09-30 18:49:56,176 - AdeonaBot - INFO - ✓ Local data files found: 31 (main.py:34)
2025-09-30 18:49:56,176 - AdeonaBot - INFO - ✓ Local data available: 177523 bytes total (main.py:39)
2025-09-30 18:49:56,176 - AdeonaBot - INFO - Initializing services... (main.py:42)
2025-09-30 18:49:56,176 - AdeonaBot - INFO - Calling function: initialize_services (logger.py:83)
2025-09-30 18:49:56,176 - AdeonaBot - INFO - Calling function: initialize_vectordb (logger.py:83)
2025-09-30 18:50:00,304 - AdeonaBot - INFO - Found 126 existing local vectors in VectorDB (vectordb_service.py:90)
2025-09-30 18:50:00,304 - AdeonaBot - INFO - VectorDB initialized successfully with permanent local data (vectordb_service.py:67)
2025-09-30 18:50:00,304 - AdeonaBot - INFO - Calling function: initialize_googlesheets (logger.py:83)
2025-09-30 18:50:00,304 - AdeonaBot - INFO - Google Sheets service initialized with cached data (googlesheet_service.py:47)
2025-09-30 18:50:00,304 - AdeonaBot - INFO - Services initialized successfully with permanent local data storage (chatbot.py:1075)
2025-09-30 18:50:01,334 - AdeonaBot - INFO - Found 31 scraped data files (local_data_loader.py:48)
2025-09-30 18:50:01,334 - AdeonaBot - INFO - ✓ Local data permanently loaded: 126 vectors in VectorDB (main.py:51)
2025-09-30 18:50:01,335 - AdeonaBot - INFO - ✓ Total VectorDB vectors: 132 (main.py:55)
2025-09-30 18:50:01,335 - AdeonaBot - INFO - System Capabilities: (main.py:58)
2025-09-30 18:50:01,335 - AdeonaBot - INFO -   • Local Data Storage: ✓ Active (main.py:59)
2025-09-30 18:50:01,335 - AdeonaBot - INFO -   • SerpAPI Fallback: ✓ Available (main.py:60)
2025-09-30 18:50:01,335 - AdeonaBot - INFO -   • Service Booking: ✓ Active (main.py:61)
2025-09-30 18:50:01,335 - AdeonaBot - INFO -   • Service Cancellation: ✓ Fixed & Active (24-hour window) (main.py:62)
2025-09-30 18:50:01,335 - AdeonaBot - INFO -   • Audio Responses: ✓ Active (main.py:63)
2025-09-30 18:50:01,335 - AdeonaBot - INFO - 🚀 Enhanced Adeona Chatbot with Fixed Cancellation startup completed successfully! (main.py:65)
2025-09-30 18:50:55,630 - AdeonaBot - INFO - Serving frontend from: frontend/index.html (main.py:120)
2025-09-30 18:51:16,208 - AdeonaBot - INFO - Application shutdown completed (main.py:74)
2025-09-30 18:51:17,533 - AdeonaBot - INFO - Starting Enhanced Adeona Chatbot with Permanent Local Data Storage and Fixed Cancellation... (main.py:26)
2025-09-30 18:51:17,533 - AdeonaBot - INFO - ✓ Settings validated (main.py:30)
2025-09-30 18:51:17,534 - AdeonaBot - INFO - Found 31 scraped data files (local_data_loader.py:48)
2025-09-30 18:51:17,534 - AdeonaBot - INFO - ✓ Local data files found: 31 (main.py:34)
2025-09-30 18:51:17,534 - AdeonaBot - INFO - ✓ Local data available: 177523 bytes total (main.py:39)
2025-09-30 18:51:17,534 - AdeonaBot - INFO - Initializing services... (main.py:42)
2025-09-30 18:51:17,534 - AdeonaBot - INFO - Calling function: initialize_services (logger.py:83)
2025-09-30 18:51:17,534 - AdeonaBot - INFO - Calling function: initialize_vectordb (logger.py:83)
2025-09-30 18:51:22,175 - AdeonaBot - INFO - Found 126 existing local vectors in VectorDB (vectordb_service.py:90)
2025-09-30 18:51:22,176 - AdeonaBot - INFO - VectorDB initialized successfully with permanent local data (vectordb_service.py:67)
2025-09-30 18:51:22,176 - AdeonaBot - INFO - Calling function: initialize_googlesheets (logger.py:83)
2025-09-30 18:51:22,176 - AdeonaBot - INFO - Google Sheets service initialized with cached data (googlesheet_service.py:47)
2025-09-30 18:51:22,176 - AdeonaBot - INFO - Services initialized successfully with permanent local data storage (chatbot.py:1075)
2025-09-30 18:51:23,256 - AdeonaBot - INFO - Found 31 scraped data files (local_data_loader.py:48)
2025-09-30 18:51:23,257 - AdeonaBot - INFO - ✓ Local data permanently loaded: 126 vectors in VectorDB (main.py:51)
2025-09-30 18:51:23,257 - AdeonaBot - INFO - ✓ Total VectorDB vectors: 132 (main.py:55)
2025-09-30 18:51:23,257 - AdeonaBot - INFO - System Capabilities: (main.py:58)
2025-09-30 18:51:23,257 - AdeonaBot - INFO -   • Local Data Storage: ✓ Active (main.py:59)
2025-09-30 18:51:23,257 - AdeonaBot - INFO -   • SerpAPI Fallback: ✓ Available (main.py:60)
2025-09-30 18:51:23,257 - AdeonaBot - INFO -   • Service Booking: ✓ Active (main.py:61)
2025-09-30 18:51:23,257 - AdeonaBot - INFO -   • Service Cancellation: ✓ Fixed & Active (24-hour window) (main.py:62)
2025-09-30 18:51:23,257 - AdeonaBot - INFO -   • Audio Responses: ✓ Active (main.py:63)
2025-09-30 18:51:23,257 - AdeonaBot - INFO - 🚀 Enhanced Adeona Chatbot with Fixed Cancellation startup completed successfully! (main.py:65)
2025-09-30 19:06:27,108 - AdeonaBot - INFO - Application shutdown completed (main.py:74)
