2025-09-29 00:00:48,466 - AdeonaBot - INFO - Starting Enhanced Adeona Chatbot with Permanent Local Data Storage and Fixed Cancellation... (main.py:29)
2025-09-29 00:00:48,466 - AdeonaBot - INFO - ✓ Settings validated (main.py:33)
2025-09-29 00:00:48,466 - AdeonaBot - INFO - Found 31 scraped data files (local_data_loader.py:48)
2025-09-29 00:00:48,466 - AdeonaBot - INFO - ✓ Local data files found: 31 (main.py:37)
2025-09-29 00:00:48,466 - AdeonaBot - INFO - ✓ Local data available: 177523 bytes total (main.py:42)
2025-09-29 00:00:48,466 - AdeonaBot - INFO - Initializing services... (main.py:45)
2025-09-29 00:00:48,466 - AdeonaBot - INFO - Calling function: initialize_services (logger.py:83)
2025-09-29 00:00:48,467 - AdeonaBot - INFO - Calling function: initialize_vectordb (logger.py:83)
2025-09-29 00:00:53,170 - AdeonaBot - INFO - Found 126 existing local vectors in VectorDB (vectordb_service.py:90)
2025-09-29 00:00:53,170 - AdeonaBot - INFO - VectorDB initialized successfully with permanent local data (vectordb_service.py:67)
2025-09-29 00:00:53,170 - AdeonaBot - INFO - Calling function: initialize_googlesheets (logger.py:83)
2025-09-29 00:00:53,170 - AdeonaBot - INFO - Google Sheets service initialized with cached data (googlesheet_service.py:48)
2025-09-29 00:00:53,170 - AdeonaBot - INFO - Services initialized successfully with permanent local data storage (chatbot.py:1075)
2025-09-29 00:00:54,240 - AdeonaBot - INFO - Found 31 scraped data files (local_data_loader.py:48)
2025-09-29 00:00:54,241 - AdeonaBot - INFO - ✓ Local data permanently loaded: 126 vectors in VectorDB (main.py:54)
2025-09-29 00:00:54,241 - AdeonaBot - INFO - ✓ Total VectorDB vectors: 132 (main.py:58)
2025-09-29 00:00:54,241 - AdeonaBot - INFO - System Capabilities: (main.py:61)
2025-09-29 00:00:54,241 - AdeonaBot - INFO -   • Local Data Storage: ✓ Active (main.py:62)
2025-09-29 00:00:54,242 - AdeonaBot - INFO -   • SerpAPI Fallback: ✓ Available (main.py:63)
2025-09-29 00:00:54,242 - AdeonaBot - INFO -   • Service Booking: ✓ Active (main.py:64)
2025-09-29 00:00:54,242 - AdeonaBot - INFO -   • Service Cancellation: ✓ Fixed & Active (24-hour window) (main.py:65)
2025-09-29 00:00:54,242 - AdeonaBot - INFO -   • Audio Responses: ✓ Active (main.py:66)
2025-09-29 00:00:54,242 - AdeonaBot - INFO - 🚀 Enhanced Adeona Chatbot with Fixed Cancellation startup completed successfully! (main.py:68)
2025-09-29 00:01:05,723 - AdeonaBot - INFO - Serving frontend from: frontend/index.html (main.py:123)
2025-09-29 00:01:18,006 - AdeonaBot - INFO - Calling function: chat_endpoint with params: {'message_length': 25} (logger.py:83)
2025-09-29 00:01:18,006 - AdeonaBot - INFO - Calling function: process_message with params: {'message_length': 25, 'session_id': 'session_1759084265792_28nrl2jgw'} (logger.py:83)
2025-09-29 00:01:18,007 - AdeonaBot - INFO - Cancellation detected via pattern: \b(cancel|stop|remove|delete)\b.*\b(service|order|booking|subscription|request)\b (chatbot.py:218)
2025-09-29 00:01:18,007 - AdeonaBot - INFO - Calling function: _handle_cancellation_request with params: {'message': 'I want cancel the service'} (logger.py:83)
2025-09-29 00:01:18,007 - AdeonaBot - INFO - Setting cancellation pending state - waiting for User ID (chatbot.py:717)
2025-09-29 00:01:18,007 - AdeonaBot - INFO - Calling function: _generate_audio_response with params: {'text_length': 354} (logger.py:83)
2025-09-29 00:01:18,007 - AdeonaBot - INFO - Calling function: generate_speech with params: {'text_length': 354, 'voice': 'Kore', 'output_file': 'response_20250929_000118_007.wav'} (logger.py:83)
2025-09-29 00:01:19,423 - AdeonaBot - WARNING - TTS rate limit hit (attempt 1), waiting 2 seconds... (gemini_service.py:361)
2025-09-29 00:01:22,606 - AdeonaBot - WARNING - TTS rate limit hit (attempt 2), waiting 4 seconds... (gemini_service.py:361)
2025-09-29 00:01:27,753 - AdeonaBot - WARNING - TTS rate limit hit (attempt 3), waiting 8 seconds... (gemini_service.py:361)
2025-09-29 00:01:27,755 - AdeonaBot - ERROR - TTS rate limit exceeded after all retries (gemini_service.py:367)
2025-09-29 00:01:27,757 - AdeonaBot - WARNING - TTS service returned None - audio generation failed (chatbot.py:1044)
2025-09-29 00:01:27,758 - AdeonaBot - WARNING - Audio generation failed - proceeding without audio (chatbot.py:109)
2025-09-29 00:01:27,758 - AdeonaBot - INFO - Chat response generated for session: session_1759084265792_28nrl2jgw (routes.py:129)
2025-09-29 00:01:40,260 - AdeonaBot - INFO - Calling function: chat_endpoint with params: {'message_length': 8} (logger.py:83)
2025-09-29 00:01:40,261 - AdeonaBot - INFO - Calling function: process_message with params: {'message_length': 8, 'session_id': 'session_1759084265792_28nrl2jgw'} (logger.py:83)
2025-09-29 00:01:40,261 - AdeonaBot - INFO - Calling function: _handle_cancellation_userid_input with params: {'message': 'A1F42E61'} (logger.py:83)
2025-09-29 00:01:40,261 - AdeonaBot - INFO - User ID extracted from entire message: A1F42E61 (chatbot.py:782)
2025-09-29 00:01:40,261 - AdeonaBot - INFO - Processing cancellation for User ID from session: A1F42E61 (chatbot.py:749)
2025-09-29 00:01:40,261 - AdeonaBot - INFO - Calling function: _process_cancellation_with_userid with params: {'user_id': 'A1F42E61'} (logger.py:83)
2025-09-29 00:01:40,261 - AdeonaBot - INFO - Calling function: process_cancellation with params: {'user_id': 'A1F42E61'} (logger.py:83)
2025-09-29 00:01:40,261 - AdeonaBot - INFO - Calling function: check_cancellation_eligibility with params: {'user_id': 'A1F42E61'} (logger.py:83)
2025-09-29 00:01:40,261 - AdeonaBot - INFO - Calling function: find_customer_by_user_id with params: {'user_id': 'A1F42E61'} (logger.py:83)
2025-09-29 00:01:41,970 - AdeonaBot - INFO - Found customer: A1F42E61 (airtable_service.py:91)
2025-09-29 00:01:41,970 - AdeonaBot - ERROR - Error parsing date for customer A1F42E61: 'Customer' object has no attribute 'date' (airtable_service.py:222)
2025-09-29 00:01:41,970 - AdeonaBot - INFO - Calling function: _generate_audio_response with params: {'text_length': 220} (logger.py:83)
2025-09-29 00:01:41,970 - AdeonaBot - INFO - Calling function: generate_speech with params: {'text_length': 220, 'voice': 'Kore', 'output_file': 'response_20250929_000141_970.wav'} (logger.py:83)
2025-09-29 00:01:43,099 - AdeonaBot - WARNING - TTS rate limit hit (attempt 1), waiting 2 seconds... (gemini_service.py:361)
2025-09-29 00:01:46,212 - AdeonaBot - WARNING - TTS rate limit hit (attempt 2), waiting 4 seconds... (gemini_service.py:361)
2025-09-29 00:01:51,437 - AdeonaBot - WARNING - TTS rate limit hit (attempt 3), waiting 8 seconds... (gemini_service.py:361)
2025-09-29 00:01:51,438 - AdeonaBot - ERROR - TTS rate limit exceeded after all retries (gemini_service.py:367)
2025-09-29 00:01:51,439 - AdeonaBot - WARNING - TTS service returned None - audio generation failed (chatbot.py:1044)
2025-09-29 00:01:51,439 - AdeonaBot - WARNING - Audio generation failed - proceeding without audio (chatbot.py:109)
2025-09-29 00:01:51,439 - AdeonaBot - INFO - Chat response generated for session: session_1759084265792_28nrl2jgw (routes.py:129)
2025-09-29 00:04:54,545 - AdeonaBot - INFO - Application shutdown completed (main.py:77)
2025-09-29 00:06:43,021 - AdeonaBot - INFO - Starting Enhanced Adeona Chatbot with Permanent Local Data Storage and Fixed Cancellation... (main.py:29)
2025-09-29 00:06:43,021 - AdeonaBot - INFO - ✓ Settings validated (main.py:33)
2025-09-29 00:06:43,022 - AdeonaBot - INFO - Found 31 scraped data files (local_data_loader.py:48)
2025-09-29 00:06:43,022 - AdeonaBot - INFO - ✓ Local data files found: 31 (main.py:37)
2025-09-29 00:06:43,022 - AdeonaBot - INFO - ✓ Local data available: 177523 bytes total (main.py:42)
2025-09-29 00:06:43,022 - AdeonaBot - INFO - Initializing services... (main.py:45)
2025-09-29 00:06:43,022 - AdeonaBot - INFO - Calling function: initialize_services (logger.py:83)
2025-09-29 00:06:43,022 - AdeonaBot - INFO - Calling function: initialize_vectordb (logger.py:83)
2025-09-29 00:06:47,787 - AdeonaBot - INFO - Found 126 existing local vectors in VectorDB (vectordb_service.py:90)
2025-09-29 00:06:47,788 - AdeonaBot - INFO - VectorDB initialized successfully with permanent local data (vectordb_service.py:67)
2025-09-29 00:06:47,788 - AdeonaBot - INFO - Calling function: initialize_googlesheets (logger.py:83)
2025-09-29 00:06:47,788 - AdeonaBot - INFO - Google Sheets service initialized with cached data (googlesheet_service.py:48)
2025-09-29 00:06:47,788 - AdeonaBot - INFO - Services initialized successfully with permanent local data storage (chatbot.py:1075)
2025-09-29 00:06:48,881 - AdeonaBot - INFO - Found 31 scraped data files (local_data_loader.py:48)
2025-09-29 00:06:48,882 - AdeonaBot - INFO - ✓ Local data permanently loaded: 126 vectors in VectorDB (main.py:54)
2025-09-29 00:06:48,882 - AdeonaBot - INFO - ✓ Total VectorDB vectors: 132 (main.py:58)
2025-09-29 00:06:48,882 - AdeonaBot - INFO - System Capabilities: (main.py:61)
2025-09-29 00:06:48,882 - AdeonaBot - INFO -   • Local Data Storage: ✓ Active (main.py:62)
2025-09-29 00:06:48,882 - AdeonaBot - INFO -   • SerpAPI Fallback: ✓ Available (main.py:63)
2025-09-29 00:06:48,882 - AdeonaBot - INFO -   • Service Booking: ✓ Active (main.py:64)
2025-09-29 00:06:48,882 - AdeonaBot - INFO -   • Service Cancellation: ✓ Fixed & Active (24-hour window) (main.py:65)
2025-09-29 00:06:48,882 - AdeonaBot - INFO -   • Audio Responses: ✓ Active (main.py:66)
2025-09-29 00:06:48,882 - AdeonaBot - INFO - 🚀 Enhanced Adeona Chatbot with Fixed Cancellation startup completed successfully! (main.py:68)
2025-09-29 00:07:21,629 - AdeonaBot - INFO - Application shutdown completed (main.py:77)
2025-09-29 00:07:23,030 - AdeonaBot - INFO - Starting Enhanced Adeona Chatbot with Permanent Local Data Storage and Fixed Cancellation... (main.py:29)
2025-09-29 00:07:23,030 - AdeonaBot - INFO - ✓ Settings validated (main.py:33)
2025-09-29 00:07:23,030 - AdeonaBot - INFO - Found 31 scraped data files (local_data_loader.py:48)
2025-09-29 00:07:23,030 - AdeonaBot - INFO - ✓ Local data files found: 31 (main.py:37)
2025-09-29 00:07:23,030 - AdeonaBot - INFO - ✓ Local data available: 177523 bytes total (main.py:42)
2025-09-29 00:07:23,030 - AdeonaBot - INFO - Initializing services... (main.py:45)
2025-09-29 00:07:23,030 - AdeonaBot - INFO - Calling function: initialize_services (logger.py:83)
2025-09-29 00:07:23,031 - AdeonaBot - INFO - Calling function: initialize_vectordb (logger.py:83)
2025-09-29 00:07:27,685 - AdeonaBot - INFO - Found 126 existing local vectors in VectorDB (vectordb_service.py:90)
2025-09-29 00:07:27,685 - AdeonaBot - INFO - VectorDB initialized successfully with permanent local data (vectordb_service.py:67)
2025-09-29 00:07:27,685 - AdeonaBot - INFO - Calling function: initialize_googlesheets (logger.py:83)
2025-09-29 00:07:27,685 - AdeonaBot - INFO - Google Sheets service initialized with cached data (googlesheet_service.py:48)
2025-09-29 00:07:27,685 - AdeonaBot - INFO - Services initialized successfully with permanent local data storage (chatbot.py:1075)
2025-09-29 00:07:28,584 - AdeonaBot - INFO - Found 31 scraped data files (local_data_loader.py:48)
2025-09-29 00:07:28,585 - AdeonaBot - INFO - ✓ Local data permanently loaded: 126 vectors in VectorDB (main.py:54)
2025-09-29 00:07:28,585 - AdeonaBot - INFO - ✓ Total VectorDB vectors: 132 (main.py:58)
2025-09-29 00:07:28,585 - AdeonaBot - INFO - System Capabilities: (main.py:61)
2025-09-29 00:07:28,585 - AdeonaBot - INFO -   • Local Data Storage: ✓ Active (main.py:62)
2025-09-29 00:07:28,585 - AdeonaBot - INFO -   • SerpAPI Fallback: ✓ Available (main.py:63)
2025-09-29 00:07:28,585 - AdeonaBot - INFO -   • Service Booking: ✓ Active (main.py:64)
2025-09-29 00:07:28,585 - AdeonaBot - INFO -   • Service Cancellation: ✓ Fixed & Active (24-hour window) (main.py:65)
2025-09-29 00:07:28,585 - AdeonaBot - INFO -   • Audio Responses: ✓ Active (main.py:66)
2025-09-29 00:07:28,585 - AdeonaBot - INFO - 🚀 Enhanced Adeona Chatbot with Fixed Cancellation startup completed successfully! (main.py:68)
2025-09-29 00:07:42,349 - AdeonaBot - INFO - Serving frontend from: frontend/index.html (main.py:123)
2025-09-29 00:07:46,508 - AdeonaBot - INFO - Calling function: chat_endpoint with params: {'message_length': 25} (logger.py:83)
2025-09-29 00:07:46,508 - AdeonaBot - INFO - Calling function: process_message with params: {'message_length': 25, 'session_id': 'session_1759084662406_ilm2s6er2'} (logger.py:83)
2025-09-29 00:07:46,508 - AdeonaBot - INFO - Cancellation detected via pattern: \b(cancel|stop|remove|delete)\b.*\b(service|order|booking|subscription|request)\b (chatbot.py:218)
2025-09-29 00:07:46,508 - AdeonaBot - INFO - Calling function: _handle_cancellation_request with params: {'message': 'I want cancel the service'} (logger.py:83)
2025-09-29 00:07:46,508 - AdeonaBot - INFO - Setting cancellation pending state - waiting for User ID (chatbot.py:717)
2025-09-29 00:07:46,508 - AdeonaBot - INFO - Calling function: _generate_audio_response with params: {'text_length': 354} (logger.py:83)
2025-09-29 00:07:46,508 - AdeonaBot - INFO - Calling function: generate_speech with params: {'text_length': 354, 'voice': 'Kore', 'output_file': 'response_20250929_000746_508.wav'} (logger.py:83)
2025-09-29 00:07:47,846 - AdeonaBot - WARNING - TTS rate limit hit (attempt 1), waiting 2 seconds... (gemini_service.py:361)
2025-09-29 00:07:51,039 - AdeonaBot - WARNING - TTS rate limit hit (attempt 2), waiting 4 seconds... (gemini_service.py:361)
2025-09-29 00:07:56,255 - AdeonaBot - WARNING - TTS rate limit hit (attempt 3), waiting 8 seconds... (gemini_service.py:361)
2025-09-29 00:07:56,256 - AdeonaBot - ERROR - TTS rate limit exceeded after all retries (gemini_service.py:367)
2025-09-29 00:07:56,257 - AdeonaBot - WARNING - TTS service returned None - audio generation failed (chatbot.py:1044)
2025-09-29 00:07:56,257 - AdeonaBot - WARNING - Audio generation failed - proceeding without audio (chatbot.py:109)
2025-09-29 00:07:56,257 - AdeonaBot - INFO - Chat response generated for session: session_1759084662406_ilm2s6er2 (routes.py:129)
2025-09-29 00:08:11,913 - AdeonaBot - INFO - Calling function: chat_endpoint with params: {'message_length': 8} (logger.py:83)
2025-09-29 00:08:11,914 - AdeonaBot - INFO - Calling function: process_message with params: {'message_length': 8, 'session_id': 'session_1759084662406_ilm2s6er2'} (logger.py:83)
2025-09-29 00:08:11,914 - AdeonaBot - INFO - Calling function: _handle_cancellation_userid_input with params: {'message': 'A1F42E61'} (logger.py:83)
2025-09-29 00:08:11,914 - AdeonaBot - INFO - User ID extracted from entire message: A1F42E61 (chatbot.py:782)
2025-09-29 00:08:11,914 - AdeonaBot - INFO - Processing cancellation for User ID from session: A1F42E61 (chatbot.py:749)
2025-09-29 00:08:11,914 - AdeonaBot - INFO - Calling function: _process_cancellation_with_userid with params: {'user_id': 'A1F42E61'} (logger.py:83)
2025-09-29 00:08:11,914 - AdeonaBot - INFO - Calling function: process_cancellation with params: {'user_id': 'A1F42E61'} (logger.py:83)
2025-09-29 00:08:11,914 - AdeonaBot - INFO - Calling function: check_cancellation_eligibility with params: {'user_id': 'A1F42E61'} (logger.py:83)
2025-09-29 00:08:11,914 - AdeonaBot - INFO - Calling function: find_customer_by_user_id with params: {'user_id': 'A1F42E61'} (logger.py:83)
2025-09-29 00:08:15,205 - AdeonaBot - INFO - Found customer: A1F42E61 (airtable_service.py:91)
2025-09-29 00:08:15,205 - AdeonaBot - INFO - Processing eligible cancellation for User ID: A1F42E61 (airtable_service.py:295)
2025-09-29 00:08:15,205 - AdeonaBot - INFO - Calling function: delete_customer_record with params: {'user_id': 'A1F42E61'} (logger.py:83)
2025-09-29 00:08:17,985 - AdeonaBot - INFO - Successfully deleted record for User ID: A1F42E61 (airtable_service.py:120)
2025-09-29 00:08:17,986 - AdeonaBot - INFO - Successfully cancelled and deleted record for User ID: A1F42E61 (airtable_service.py:300)
2025-09-29 00:08:17,987 - AdeonaBot - INFO - Calling function: _generate_audio_response with params: {'text_length': 383} (logger.py:83)
2025-09-29 00:08:17,987 - AdeonaBot - INFO - Calling function: generate_speech with params: {'text_length': 383, 'voice': 'Kore', 'output_file': 'response_20250929_000817_987.wav'} (logger.py:83)
2025-09-29 00:08:19,100 - AdeonaBot - WARNING - TTS rate limit hit (attempt 1), waiting 2 seconds... (gemini_service.py:361)
2025-09-29 00:08:22,266 - AdeonaBot - WARNING - TTS rate limit hit (attempt 2), waiting 4 seconds... (gemini_service.py:361)
2025-09-29 00:08:27,410 - AdeonaBot - WARNING - TTS rate limit hit (attempt 3), waiting 8 seconds... (gemini_service.py:361)
2025-09-29 00:08:27,410 - AdeonaBot - ERROR - TTS rate limit exceeded after all retries (gemini_service.py:367)
2025-09-29 00:08:27,411 - AdeonaBot - WARNING - TTS service returned None - audio generation failed (chatbot.py:1044)
2025-09-29 00:08:27,411 - AdeonaBot - WARNING - Audio generation failed - proceeding without audio (chatbot.py:109)
2025-09-29 00:08:27,411 - AdeonaBot - INFO - Chat response generated for session: session_1759084662406_ilm2s6er2 (routes.py:129)
2025-09-29 00:09:15,890 - AdeonaBot - INFO - Calling function: chat_endpoint with params: {'message_length': 45} (logger.py:83)
2025-09-29 00:09:15,891 - AdeonaBot - INFO - Calling function: process_message with params: {'message_length': 45, 'session_id': 'session_1759084662406_ilm2s6er2'} (logger.py:83)
2025-09-29 00:09:15,892 - AdeonaBot - INFO - Calling function: _handle_service_inquiry with params: {'query': 'What services does Adeona Technologies offer?'} (logger.py:83)
2025-09-29 00:09:15,892 - AdeonaBot - INFO - Calling function: search_with_fallback with params: {'query': 'services solutions offerings What services does Ad'} (logger.py:83)
2025-09-29 00:09:15,892 - AdeonaBot - INFO - Calling function: search_adeona_knowledge with params: {'query': 'services solutions offerings What services does Ad', 'top_k': 15} (logger.py:83)
2025-09-29 00:09:15,892 - AdeonaBot - INFO - Expanded query: services solutions offerings What services does Adeona Technologies offer? Adeona Technologies services software development CRM mobile web applications (vectordb_service.py:274)
2025-09-29 00:09:15,892 - AdeonaBot - INFO - Calling function: generate_embedding with params: {'text_length': 152} (logger.py:83)
2025-09-29 00:09:17,107 - AdeonaBot - INFO - Generated embedding with dimension: 768 (gemini_service.py:272)
2025-09-29 00:09:22,845 - AdeonaBot - INFO - Namespace adeona_local_scraped: Found 30 results above threshold 0.6 (vectordb_service.py:298)
2025-09-29 00:09:22,845 - AdeonaBot - INFO - Local search returned 30 results with expanded query (vectordb_service.py:207)
2025-09-29 00:09:22,845 - AdeonaBot - INFO - Result quality breakdown: 0 excellent, 27 good, 30 decent (vectordb_service.py:214)
2025-09-29 00:09:22,845 - AdeonaBot - INFO - Using good local results (vectordb_service.py:223)
2025-09-29 00:09:22,845 - AdeonaBot - INFO - Local search found 15 results (vectordb_service.py:313)
2025-09-29 00:09:22,845 - AdeonaBot - INFO - Have 15 moderate-quality results - no fallback needed (vectordb_service.py:352)
2025-09-29 00:09:22,845 - AdeonaBot - INFO - Local results sufficient, no fallback needed (vectordb_service.py:319)
2025-09-29 00:09:22,845 - AdeonaBot - INFO - Calling function: generate_response with params: {'prompt_length': 3636} (logger.py:83)
2025-09-29 00:09:36,645 - AdeonaBot - INFO - Generated response with 1856 characters (gemini_service.py:46)
2025-09-29 00:09:36,646 - AdeonaBot - INFO - Calling function: _generate_audio_response with params: {'text_length': 1856} (logger.py:83)
2025-09-29 00:09:36,646 - AdeonaBot - INFO - Text truncated to 500 characters for TTS (chatbot.py:1024)
2025-09-29 00:09:36,646 - AdeonaBot - INFO - Calling function: generate_speech with params: {'text_length': 503, 'voice': 'Kore', 'output_file': 'response_20250929_000936_646.wav'} (logger.py:83)
2025-09-29 00:09:37,838 - AdeonaBot - WARNING - TTS rate limit hit (attempt 1), waiting 2 seconds... (gemini_service.py:361)
2025-09-29 00:09:41,191 - AdeonaBot - WARNING - TTS rate limit hit (attempt 2), waiting 4 seconds... (gemini_service.py:361)
2025-09-29 00:09:46,314 - AdeonaBot - WARNING - TTS rate limit hit (attempt 3), waiting 8 seconds... (gemini_service.py:361)
2025-09-29 00:09:46,314 - AdeonaBot - ERROR - TTS rate limit exceeded after all retries (gemini_service.py:367)
2025-09-29 00:09:46,315 - AdeonaBot - WARNING - TTS service returned None - audio generation failed (chatbot.py:1044)
2025-09-29 00:09:46,315 - AdeonaBot - WARNING - Audio generation failed - proceeding without audio (chatbot.py:109)
2025-09-29 00:09:46,315 - AdeonaBot - INFO - Chat response generated for session: session_1759084662406_ilm2s6er2 (routes.py:129)
2025-09-29 00:10:19,634 - AdeonaBot - INFO - Calling function: chat_endpoint with params: {'message_length': 35} (logger.py:83)
2025-09-29 00:10:19,635 - AdeonaBot - INFO - Calling function: process_message with params: {'message_length': 35, 'session_id': 'session_1759084662406_ilm2s6er2'} (logger.py:83)
2025-09-29 00:10:19,635 - AdeonaBot - INFO - Calling function: handle_company_question_enhanced with params: {'query': 'How long has Adeona been operating?'} (logger.py:83)
2025-09-29 00:10:19,635 - AdeonaBot - INFO - Calling function: search_with_fallback with params: {'query': 'How long has Adeona been operating?'} (logger.py:83)
2025-09-29 00:10:19,635 - AdeonaBot - INFO - Calling function: search_adeona_knowledge with params: {'query': 'How long has Adeona been operating?', 'top_k': 12} (logger.py:83)
2025-09-29 00:10:19,635 - AdeonaBot - INFO - Expanded query: How long has Adeona been operating? (vectordb_service.py:274)
2025-09-29 00:10:19,635 - AdeonaBot - INFO - Calling function: generate_embedding with params: {'text_length': 35} (logger.py:83)
2025-09-29 00:10:20,878 - AdeonaBot - INFO - Generated embedding with dimension: 768 (gemini_service.py:272)
2025-09-29 00:10:22,412 - AdeonaBot - INFO - Namespace adeona_local_scraped: Found 24 results above threshold 0.6 (vectordb_service.py:298)
2025-09-29 00:10:22,413 - AdeonaBot - INFO - Local search returned 24 results with expanded query (vectordb_service.py:207)
2025-09-29 00:10:22,413 - AdeonaBot - INFO - Result quality breakdown: 0 excellent, 2 good, 24 decent (vectordb_service.py:214)
2025-09-29 00:10:22,413 - AdeonaBot - INFO - Using good local results (vectordb_service.py:223)
2025-09-29 00:10:22,413 - AdeonaBot - INFO - Local search found 2 results (vectordb_service.py:313)
2025-09-29 00:10:22,413 - AdeonaBot - INFO - Local results sufficient, no fallback needed (vectordb_service.py:319)
2025-09-29 00:10:22,413 - AdeonaBot - INFO - Calling function: generate_response with params: {'prompt_length': 1626} (logger.py:83)
2025-09-29 00:10:37,642 - AdeonaBot - INFO - Generated response with 828 characters (gemini_service.py:46)
2025-09-29 00:10:37,645 - AdeonaBot - INFO - Generated enhanced company response using local data (chatbot.py:511)
2025-09-29 00:10:37,645 - AdeonaBot - INFO - Calling function: _generate_audio_response with params: {'text_length': 828} (logger.py:83)
2025-09-29 00:10:37,645 - AdeonaBot - INFO - Text truncated to 500 characters for TTS (chatbot.py:1024)
2025-09-29 00:10:37,645 - AdeonaBot - INFO - Calling function: generate_speech with params: {'text_length': 503, 'voice': 'Kore', 'output_file': 'response_20250929_001037_645.wav'} (logger.py:83)
2025-09-29 00:10:38,895 - AdeonaBot - WARNING - TTS rate limit hit (attempt 1), waiting 2 seconds... (gemini_service.py:361)
2025-09-29 00:10:42,054 - AdeonaBot - WARNING - TTS rate limit hit (attempt 2), waiting 4 seconds... (gemini_service.py:361)
2025-09-29 00:10:47,170 - AdeonaBot - WARNING - TTS rate limit hit (attempt 3), waiting 8 seconds... (gemini_service.py:361)
2025-09-29 00:10:47,170 - AdeonaBot - ERROR - TTS rate limit exceeded after all retries (gemini_service.py:367)
2025-09-29 00:10:47,171 - AdeonaBot - WARNING - TTS service returned None - audio generation failed (chatbot.py:1044)
2025-09-29 00:10:47,171 - AdeonaBot - WARNING - Audio generation failed - proceeding without audio (chatbot.py:109)
2025-09-29 00:10:47,171 - AdeonaBot - INFO - Chat response generated for session: session_1759084662406_ilm2s6er2 (routes.py:129)
2025-09-29 00:11:29,480 - AdeonaBot - INFO - Calling function: chat_endpoint with params: {'message_length': 25} (logger.py:83)
2025-09-29 00:11:29,481 - AdeonaBot - INFO - Calling function: process_message with params: {'message_length': 25, 'session_id': 'session_1759084662406_ilm2s6er2'} (logger.py:83)
2025-09-29 00:11:29,481 - AdeonaBot - INFO - Calling function: _generate_audio_response with params: {'text_length': 347} (logger.py:83)
2025-09-29 00:11:29,481 - AdeonaBot - INFO - Calling function: generate_speech with params: {'text_length': 347, 'voice': 'Kore', 'output_file': 'response_20250929_001129_481.wav'} (logger.py:83)
2025-09-29 00:11:30,611 - AdeonaBot - WARNING - TTS rate limit hit (attempt 1), waiting 2 seconds... (gemini_service.py:361)
2025-09-29 00:11:33,798 - AdeonaBot - WARNING - TTS rate limit hit (attempt 2), waiting 4 seconds... (gemini_service.py:361)
2025-09-29 00:11:38,921 - AdeonaBot - WARNING - TTS rate limit hit (attempt 3), waiting 8 seconds... (gemini_service.py:361)
2025-09-29 00:11:38,921 - AdeonaBot - ERROR - TTS rate limit exceeded after all retries (gemini_service.py:367)
2025-09-29 00:11:38,922 - AdeonaBot - WARNING - TTS service returned None - audio generation failed (chatbot.py:1044)
2025-09-29 00:11:38,922 - AdeonaBot - WARNING - Audio generation failed - proceeding without audio (chatbot.py:109)
2025-09-29 00:11:38,922 - AdeonaBot - INFO - Chat response generated for session: session_1759084662406_ilm2s6er2 (routes.py:129)
2025-09-29 00:12:24,209 - AdeonaBot - INFO - Serving frontend from: frontend/index.html (main.py:123)
2025-09-29 00:12:44,184 - AdeonaBot - INFO - Calling function: chat_endpoint with params: {'message_length': 41} (logger.py:83)
2025-09-29 00:12:44,184 - AdeonaBot - INFO - Calling function: process_message with params: {'message_length': 41, 'session_id': 'session_1759084944222_redeqsjz9'} (logger.py:83)
2025-09-29 00:12:44,185 - AdeonaBot - INFO - Calling function: _generate_audio_response with params: {'text_length': 95} (logger.py:83)
2025-09-29 00:12:44,185 - AdeonaBot - INFO - Calling function: generate_speech with params: {'text_length': 95, 'voice': 'Kore', 'output_file': 'response_20250929_001244_185.wav'} (logger.py:83)
2025-09-29 00:12:45,337 - AdeonaBot - WARNING - TTS rate limit hit (attempt 1), waiting 2 seconds... (gemini_service.py:361)
2025-09-29 00:12:48,616 - AdeonaBot - WARNING - TTS rate limit hit (attempt 2), waiting 4 seconds... (gemini_service.py:361)
2025-09-29 00:12:53,791 - AdeonaBot - WARNING - TTS rate limit hit (attempt 3), waiting 8 seconds... (gemini_service.py:361)
2025-09-29 00:12:53,791 - AdeonaBot - ERROR - TTS rate limit exceeded after all retries (gemini_service.py:367)
2025-09-29 00:12:53,792 - AdeonaBot - WARNING - TTS service returned None - audio generation failed (chatbot.py:1044)
2025-09-29 00:12:53,792 - AdeonaBot - WARNING - Audio generation failed - proceeding without audio (chatbot.py:109)
2025-09-29 00:12:53,792 - AdeonaBot - INFO - Chat response generated for session: session_1759084944222_redeqsjz9 (routes.py:129)
2025-09-29 00:13:20,316 - AdeonaBot - INFO - Calling function: chat_endpoint with params: {'message_length': 42} (logger.py:83)
2025-09-29 00:13:20,317 - AdeonaBot - INFO - Calling function: process_message with params: {'message_length': 42, 'session_id': 'session_1759084944222_redeqsjz9'} (logger.py:83)
2025-09-29 00:13:20,317 - AdeonaBot - INFO - Calling function: handle_company_question_enhanced with params: {'query': 'Do you have a privacy policy I can review?'} (logger.py:83)
2025-09-29 00:13:20,317 - AdeonaBot - INFO - Calling function: search_with_fallback with params: {'query': 'Do you have a privacy policy I can review?'} (logger.py:83)
2025-09-29 00:13:20,317 - AdeonaBot - INFO - Calling function: search_adeona_knowledge with params: {'query': 'Do you have a privacy policy I can review?', 'top_k': 12} (logger.py:83)
2025-09-29 00:13:20,318 - AdeonaBot - INFO - Expanded query: Do you have a privacy policy I can review? Adeona Technologies (vectordb_service.py:274)
2025-09-29 00:13:20,318 - AdeonaBot - INFO - Calling function: generate_embedding with params: {'text_length': 62} (logger.py:83)
2025-09-29 00:13:21,572 - AdeonaBot - INFO - Generated embedding with dimension: 768 (gemini_service.py:272)
2025-09-29 00:13:25,555 - AdeonaBot - INFO - Namespace adeona_local_scraped: Found 24 results above threshold 0.6 (vectordb_service.py:298)
2025-09-29 00:13:25,555 - AdeonaBot - INFO - Local search returned 24 results with expanded query (vectordb_service.py:207)
2025-09-29 00:13:25,555 - AdeonaBot - INFO - Result quality breakdown: 0 excellent, 15 good, 24 decent (vectordb_service.py:214)
2025-09-29 00:13:25,555 - AdeonaBot - INFO - Using good local results (vectordb_service.py:223)
2025-09-29 00:13:25,555 - AdeonaBot - INFO - Local search found 12 results (vectordb_service.py:313)
2025-09-29 00:13:25,555 - AdeonaBot - INFO - Have 12 moderate-quality results - no fallback needed (vectordb_service.py:352)
2025-09-29 00:13:25,555 - AdeonaBot - INFO - Local results sufficient, no fallback needed (vectordb_service.py:319)
2025-09-29 00:13:25,555 - AdeonaBot - INFO - Calling function: generate_response with params: {'prompt_length': 2064} (logger.py:83)
2025-09-29 00:13:32,954 - AdeonaBot - INFO - Generated response with 665 characters (gemini_service.py:46)
2025-09-29 00:13:32,955 - AdeonaBot - INFO - Generated enhanced company response using local data (chatbot.py:511)
2025-09-29 00:13:32,955 - AdeonaBot - INFO - Calling function: _generate_audio_response with params: {'text_length': 665} (logger.py:83)
2025-09-29 00:13:32,955 - AdeonaBot - INFO - Text truncated to 500 characters for TTS (chatbot.py:1024)
2025-09-29 00:13:32,955 - AdeonaBot - INFO - Calling function: generate_speech with params: {'text_length': 503, 'voice': 'Kore', 'output_file': 'response_20250929_001332_955.wav'} (logger.py:83)
2025-09-29 00:13:34,187 - AdeonaBot - WARNING - TTS rate limit hit (attempt 1), waiting 2 seconds... (gemini_service.py:361)
2025-09-29 00:13:37,337 - AdeonaBot - WARNING - TTS rate limit hit (attempt 2), waiting 4 seconds... (gemini_service.py:361)
2025-09-29 00:13:42,415 - AdeonaBot - WARNING - TTS rate limit hit (attempt 3), waiting 8 seconds... (gemini_service.py:361)
2025-09-29 00:13:42,416 - AdeonaBot - ERROR - TTS rate limit exceeded after all retries (gemini_service.py:367)
2025-09-29 00:13:42,417 - AdeonaBot - WARNING - TTS service returned None - audio generation failed (chatbot.py:1044)
2025-09-29 00:13:42,417 - AdeonaBot - WARNING - Audio generation failed - proceeding without audio (chatbot.py:109)
2025-09-29 00:13:42,417 - AdeonaBot - INFO - Chat response generated for session: session_1759084944222_redeqsjz9 (routes.py:129)
2025-09-29 00:21:00,811 - AdeonaBot - INFO - Calling function: chat_endpoint with params: {'message_length': 31} (logger.py:83)
2025-09-29 00:21:00,813 - AdeonaBot - INFO - Calling function: process_message with params: {'message_length': 31, 'session_id': 'session_1759084944222_redeqsjz9'} (logger.py:83)
2025-09-29 00:21:00,814 - AdeonaBot - INFO - Calling function: _generate_audio_response with params: {'text_length': 347} (logger.py:83)
2025-09-29 00:21:00,814 - AdeonaBot - INFO - Calling function: generate_speech with params: {'text_length': 347, 'voice': 'Kore', 'output_file': 'response_20250929_002100_814.wav'} (logger.py:83)
2025-09-29 00:21:02,157 - AdeonaBot - WARNING - TTS rate limit hit (attempt 1), waiting 2 seconds... (gemini_service.py:361)
2025-09-29 00:21:05,312 - AdeonaBot - WARNING - TTS rate limit hit (attempt 2), waiting 4 seconds... (gemini_service.py:361)
2025-09-29 00:21:10,521 - AdeonaBot - WARNING - TTS rate limit hit (attempt 3), waiting 8 seconds... (gemini_service.py:361)
2025-09-29 00:21:10,522 - AdeonaBot - ERROR - TTS rate limit exceeded after all retries (gemini_service.py:367)
2025-09-29 00:21:10,525 - AdeonaBot - WARNING - TTS service returned None - audio generation failed (chatbot.py:1044)
2025-09-29 00:21:10,525 - AdeonaBot - WARNING - Audio generation failed - proceeding without audio (chatbot.py:109)
2025-09-29 00:21:10,530 - AdeonaBot - INFO - Chat response generated for session: session_1759084944222_redeqsjz9 (routes.py:129)
2025-09-29 00:21:27,780 - AdeonaBot - INFO - Calling function: chat_endpoint with params: {'message_length': 33} (logger.py:83)
2025-09-29 00:21:27,780 - AdeonaBot - INFO - Calling function: process_message with params: {'message_length': 33, 'session_id': 'session_1759084944222_redeqsjz9'} (logger.py:83)
2025-09-29 00:21:27,780 - AdeonaBot - INFO - Calling function: _generate_audio_response with params: {'text_length': 80} (logger.py:83)
2025-09-29 00:21:27,780 - AdeonaBot - INFO - Calling function: generate_speech with params: {'text_length': 80, 'voice': 'Kore', 'output_file': 'response_20250929_002127_780.wav'} (logger.py:83)
2025-09-29 00:21:29,010 - AdeonaBot - WARNING - TTS rate limit hit (attempt 1), waiting 2 seconds... (gemini_service.py:361)
2025-09-29 00:21:32,257 - AdeonaBot - WARNING - TTS rate limit hit (attempt 2), waiting 4 seconds... (gemini_service.py:361)
2025-09-29 00:21:37,410 - AdeonaBot - WARNING - TTS rate limit hit (attempt 3), waiting 8 seconds... (gemini_service.py:361)
2025-09-29 00:21:37,410 - AdeonaBot - ERROR - TTS rate limit exceeded after all retries (gemini_service.py:367)
2025-09-29 00:21:37,412 - AdeonaBot - WARNING - TTS service returned None - audio generation failed (chatbot.py:1044)
2025-09-29 00:21:37,413 - AdeonaBot - WARNING - Audio generation failed - proceeding without audio (chatbot.py:109)
2025-09-29 00:21:37,413 - AdeonaBot - INFO - Chat response generated for session: session_1759084944222_redeqsjz9 (routes.py:129)
2025-09-29 00:39:25,463 - AdeonaBot - INFO - Serving frontend from: frontend/index.html (main.py:123)
2025-09-29 00:39:38,323 - AdeonaBot - INFO - Calling function: chat_endpoint with params: {'message_length': 45} (logger.py:83)
2025-09-29 00:39:38,324 - AdeonaBot - INFO - Calling function: process_message with params: {'message_length': 45, 'session_id': 'session_1759086565553_tmwmc471k'} (logger.py:83)
2025-09-29 00:39:38,325 - AdeonaBot - INFO - Calling function: _handle_service_inquiry with params: {'query': 'What services does Adeona Technologies offer?'} (logger.py:83)
2025-09-29 00:39:38,325 - AdeonaBot - INFO - Calling function: search_with_fallback with params: {'query': 'services solutions offerings What services does Ad'} (logger.py:83)
2025-09-29 00:39:38,326 - AdeonaBot - INFO - Calling function: search_adeona_knowledge with params: {'query': 'services solutions offerings What services does Ad', 'top_k': 15} (logger.py:83)
2025-09-29 00:39:38,326 - AdeonaBot - INFO - Expanded query: services solutions offerings What services does Adeona Technologies offer? Adeona Technologies services software development CRM mobile web applications (vectordb_service.py:274)
2025-09-29 00:39:38,326 - AdeonaBot - INFO - Calling function: generate_embedding with params: {'text_length': 152} (logger.py:83)
2025-09-29 00:39:39,679 - AdeonaBot - INFO - Generated embedding with dimension: 768 (gemini_service.py:272)
2025-09-29 00:39:44,671 - AdeonaBot - INFO - Namespace adeona_local_scraped: Found 30 results above threshold 0.6 (vectordb_service.py:298)
2025-09-29 00:39:44,671 - AdeonaBot - INFO - Local search returned 30 results with expanded query (vectordb_service.py:207)
2025-09-29 00:39:44,671 - AdeonaBot - INFO - Result quality breakdown: 0 excellent, 27 good, 30 decent (vectordb_service.py:214)
2025-09-29 00:39:44,671 - AdeonaBot - INFO - Using good local results (vectordb_service.py:223)
2025-09-29 00:39:44,671 - AdeonaBot - INFO - Local search found 15 results (vectordb_service.py:313)
2025-09-29 00:39:44,671 - AdeonaBot - INFO - Have 15 moderate-quality results - no fallback needed (vectordb_service.py:352)
2025-09-29 00:39:44,671 - AdeonaBot - INFO - Local results sufficient, no fallback needed (vectordb_service.py:319)
2025-09-29 00:39:44,672 - AdeonaBot - INFO - Calling function: generate_response with params: {'prompt_length': 3636} (logger.py:83)
2025-09-29 00:40:01,420 - AdeonaBot - INFO - Generated response with 2185 characters (gemini_service.py:46)
2025-09-29 00:40:01,420 - AdeonaBot - INFO - Calling function: _generate_audio_response with params: {'text_length': 2185} (logger.py:83)
2025-09-29 00:40:01,420 - AdeonaBot - INFO - Text truncated to 500 characters for TTS (chatbot.py:1024)
2025-09-29 00:40:01,420 - AdeonaBot - INFO - Calling function: generate_speech with params: {'text_length': 503, 'voice': 'Kore', 'output_file': 'response_20250929_004001_420.wav'} (logger.py:83)
2025-09-29 00:40:02,515 - AdeonaBot - WARNING - TTS rate limit hit (attempt 1), waiting 2 seconds... (gemini_service.py:361)
2025-09-29 00:40:05,788 - AdeonaBot - WARNING - TTS rate limit hit (attempt 2), waiting 4 seconds... (gemini_service.py:361)
2025-09-29 00:40:11,022 - AdeonaBot - WARNING - TTS rate limit hit (attempt 3), waiting 8 seconds... (gemini_service.py:361)
2025-09-29 00:40:11,023 - AdeonaBot - ERROR - TTS rate limit exceeded after all retries (gemini_service.py:367)
2025-09-29 00:40:11,025 - AdeonaBot - WARNING - TTS service returned None - audio generation failed (chatbot.py:1044)
2025-09-29 00:40:11,026 - AdeonaBot - WARNING - Audio generation failed - proceeding without audio (chatbot.py:109)
2025-09-29 00:40:11,026 - AdeonaBot - INFO - Chat response generated for session: session_1759086565553_tmwmc471k (routes.py:129)
2025-09-29 00:40:30,988 - AdeonaBot - INFO - Calling function: chat_endpoint with params: {'message_length': 37} (logger.py:83)
2025-09-29 00:40:30,988 - AdeonaBot - INFO - Calling function: process_message with params: {'message_length': 37, 'session_id': 'session_1759086565553_tmwmc471k'} (logger.py:83)
2025-09-29 00:40:30,989 - AdeonaBot - INFO - Calling function: handle_company_question_enhanced with params: {'query': 'Where is Adeona Technologies located?'} (logger.py:83)
2025-09-29 00:40:30,989 - AdeonaBot - INFO - Calling function: search_with_fallback with params: {'query': 'Where is Adeona Technologies located?'} (logger.py:83)
2025-09-29 00:40:30,989 - AdeonaBot - INFO - Calling function: search_adeona_knowledge with params: {'query': 'Where is Adeona Technologies located?', 'top_k': 12} (logger.py:83)
2025-09-29 00:40:30,989 - AdeonaBot - INFO - Expanded query: Where is Adeona Technologies located? (vectordb_service.py:274)
2025-09-29 00:40:30,989 - AdeonaBot - INFO - Calling function: generate_embedding with params: {'text_length': 37} (logger.py:83)
2025-09-29 00:40:32,125 - AdeonaBot - INFO - Generated embedding with dimension: 768 (gemini_service.py:272)
2025-09-29 00:40:33,494 - AdeonaBot - INFO - Namespace adeona_local_scraped: Found 24 results above threshold 0.6 (vectordb_service.py:298)
2025-09-29 00:40:33,494 - AdeonaBot - INFO - Local search returned 24 results with expanded query (vectordb_service.py:207)
2025-09-29 00:40:33,494 - AdeonaBot - INFO - Result quality breakdown: 0 excellent, 7 good, 24 decent (vectordb_service.py:214)
2025-09-29 00:40:33,494 - AdeonaBot - INFO - Using good local results (vectordb_service.py:223)
2025-09-29 00:40:33,494 - AdeonaBot - INFO - Local search found 7 results (vectordb_service.py:313)
2025-09-29 00:40:33,494 - AdeonaBot - INFO - Have 7 moderate-quality results - no fallback needed (vectordb_service.py:352)
2025-09-29 00:40:33,494 - AdeonaBot - INFO - Local results sufficient, no fallback needed (vectordb_service.py:319)
2025-09-29 00:40:33,494 - AdeonaBot - INFO - Calling function: generate_response with params: {'prompt_length': 1206} (logger.py:83)
2025-09-29 00:40:45,801 - AdeonaBot - INFO - Generated response with 650 characters (gemini_service.py:46)
2025-09-29 00:40:45,802 - AdeonaBot - INFO - Generated enhanced company response using local data (chatbot.py:511)
2025-09-29 00:40:45,802 - AdeonaBot - INFO - Calling function: _generate_audio_response with params: {'text_length': 650} (logger.py:83)
2025-09-29 00:40:45,802 - AdeonaBot - INFO - Text truncated to 500 characters for TTS (chatbot.py:1024)
2025-09-29 00:40:45,802 - AdeonaBot - INFO - Calling function: generate_speech with params: {'text_length': 503, 'voice': 'Kore', 'output_file': 'response_20250929_004045_802.wav'} (logger.py:83)
2025-09-29 00:40:46,926 - AdeonaBot - WARNING - TTS rate limit hit (attempt 1), waiting 2 seconds... (gemini_service.py:361)
2025-09-29 00:40:50,050 - AdeonaBot - WARNING - TTS rate limit hit (attempt 2), waiting 4 seconds... (gemini_service.py:361)
2025-09-29 00:40:55,163 - AdeonaBot - WARNING - TTS rate limit hit (attempt 3), waiting 8 seconds... (gemini_service.py:361)
2025-09-29 00:40:55,163 - AdeonaBot - ERROR - TTS rate limit exceeded after all retries (gemini_service.py:367)
2025-09-29 00:40:55,164 - AdeonaBot - WARNING - TTS service returned None - audio generation failed (chatbot.py:1044)
2025-09-29 00:40:55,164 - AdeonaBot - WARNING - Audio generation failed - proceeding without audio (chatbot.py:109)
2025-09-29 00:40:55,164 - AdeonaBot - INFO - Chat response generated for session: session_1759086565553_tmwmc471k (routes.py:129)
2025-09-29 00:41:16,367 - AdeonaBot - INFO - Calling function: chat_endpoint with params: {'message_length': 38} (logger.py:83)
2025-09-29 00:41:16,368 - AdeonaBot - INFO - Calling function: process_message with params: {'message_length': 38, 'session_id': 'session_1759086565553_tmwmc471k'} (logger.py:83)
2025-09-29 00:41:16,368 - AdeonaBot - INFO - Calling function: handle_company_question_enhanced with params: {'query': 'How can I contact Adeona Technologies?'} (logger.py:83)
2025-09-29 00:41:16,368 - AdeonaBot - INFO - Calling function: search_with_fallback with params: {'query': 'How can I contact Adeona Technologies?'} (logger.py:83)
2025-09-29 00:41:16,369 - AdeonaBot - INFO - Calling function: search_adeona_knowledge with params: {'query': 'How can I contact Adeona Technologies?', 'top_k': 12} (logger.py:83)
2025-09-29 00:41:16,369 - AdeonaBot - INFO - Expanded query: How can I contact Adeona Technologies? (vectordb_service.py:274)
2025-09-29 00:41:16,369 - AdeonaBot - INFO - Calling function: generate_embedding with params: {'text_length': 38} (logger.py:83)
2025-09-29 00:41:17,595 - AdeonaBot - INFO - Generated embedding with dimension: 768 (gemini_service.py:272)
2025-09-29 00:41:18,990 - AdeonaBot - INFO - Namespace adeona_local_scraped: Found 24 results above threshold 0.6 (vectordb_service.py:298)
2025-09-29 00:41:18,991 - AdeonaBot - INFO - Local search returned 24 results with expanded query (vectordb_service.py:207)
2025-09-29 00:41:18,991 - AdeonaBot - INFO - Result quality breakdown: 1 excellent, 21 good, 24 decent (vectordb_service.py:214)
2025-09-29 00:41:18,991 - AdeonaBot - INFO - Using excellent local results (vectordb_service.py:218)
2025-09-29 00:41:18,991 - AdeonaBot - INFO - Local search found 1 results (vectordb_service.py:313)
2025-09-29 00:41:18,992 - AdeonaBot - INFO - Local results sufficient, no fallback needed (vectordb_service.py:319)
2025-09-29 00:41:18,992 - AdeonaBot - INFO - Calling function: generate_response with params: {'prompt_length': 1207} (logger.py:83)
2025-09-29 00:41:28,427 - AdeonaBot - INFO - Generated response with 771 characters (gemini_service.py:46)
2025-09-29 00:41:28,428 - AdeonaBot - INFO - Generated enhanced company response using local data (chatbot.py:511)
2025-09-29 00:41:28,428 - AdeonaBot - INFO - Calling function: _generate_audio_response with params: {'text_length': 771} (logger.py:83)
2025-09-29 00:41:28,428 - AdeonaBot - INFO - Text truncated to 500 characters for TTS (chatbot.py:1024)
2025-09-29 00:41:28,428 - AdeonaBot - INFO - Calling function: generate_speech with params: {'text_length': 503, 'voice': 'Kore', 'output_file': 'response_20250929_004128_428.wav'} (logger.py:83)
2025-09-29 00:41:29,650 - AdeonaBot - WARNING - TTS rate limit hit (attempt 1), waiting 2 seconds... (gemini_service.py:361)
2025-09-29 00:41:32,749 - AdeonaBot - WARNING - TTS rate limit hit (attempt 2), waiting 4 seconds... (gemini_service.py:361)
2025-09-29 00:41:37,867 - AdeonaBot - WARNING - TTS rate limit hit (attempt 3), waiting 8 seconds... (gemini_service.py:361)
2025-09-29 00:41:37,869 - AdeonaBot - ERROR - TTS rate limit exceeded after all retries (gemini_service.py:367)
2025-09-29 00:41:37,872 - AdeonaBot - WARNING - TTS service returned None - audio generation failed (chatbot.py:1044)
2025-09-29 00:41:37,873 - AdeonaBot - WARNING - Audio generation failed - proceeding without audio (chatbot.py:109)
2025-09-29 00:41:37,873 - AdeonaBot - INFO - Chat response generated for session: session_1759086565553_tmwmc471k (routes.py:129)
2025-09-29 00:42:18,445 - AdeonaBot - INFO - Calling function: chat_endpoint with params: {'message_length': 51} (logger.py:83)
2025-09-29 00:42:18,447 - AdeonaBot - INFO - Calling function: process_message with params: {'message_length': 51, 'session_id': 'session_1759086565553_tmwmc471k'} (logger.py:83)
2025-09-29 00:42:18,447 - AdeonaBot - INFO - Calling function: handle_company_question_enhanced with params: {'query': 'Can you tell me about some past projects of Adeona'} (logger.py:83)
2025-09-29 00:42:18,447 - AdeonaBot - INFO - Calling function: search_with_fallback with params: {'query': 'Can you tell me about some past projects of Adeona'} (logger.py:83)
2025-09-29 00:42:18,447 - AdeonaBot - INFO - Calling function: search_adeona_knowledge with params: {'query': 'Can you tell me about some past projects of Adeona', 'top_k': 12} (logger.py:83)
2025-09-29 00:42:18,447 - AdeonaBot - INFO - Expanded query: Can you tell me about some past projects of Adeona? Adeona Technologies company information (vectordb_service.py:274)
2025-09-29 00:42:18,447 - AdeonaBot - INFO - Calling function: generate_embedding with params: {'text_length': 91} (logger.py:83)
2025-09-29 00:42:19,646 - AdeonaBot - INFO - Generated embedding with dimension: 768 (gemini_service.py:272)
2025-09-29 00:42:24,654 - AdeonaBot - INFO - Namespace adeona_local_scraped: Found 24 results above threshold 0.6 (vectordb_service.py:298)
2025-09-29 00:42:24,654 - AdeonaBot - INFO - Local search returned 24 results with expanded query (vectordb_service.py:207)
2025-09-29 00:42:24,654 - AdeonaBot - INFO - Result quality breakdown: 0 excellent, 6 good, 24 decent (vectordb_service.py:214)
2025-09-29 00:42:24,654 - AdeonaBot - INFO - Using good local results (vectordb_service.py:223)
2025-09-29 00:42:24,655 - AdeonaBot - INFO - Local search found 6 results (vectordb_service.py:313)
2025-09-29 00:42:24,655 - AdeonaBot - INFO - Have 6 moderate-quality results - no fallback needed (vectordb_service.py:352)
2025-09-29 00:42:24,655 - AdeonaBot - INFO - Local results sufficient, no fallback needed (vectordb_service.py:319)
2025-09-29 00:42:24,655 - AdeonaBot - INFO - Calling function: generate_response with params: {'prompt_length': 2903} (logger.py:83)
2025-09-29 00:42:38,163 - AdeonaBot - INFO - Generated response with 1323 characters (gemini_service.py:46)
2025-09-29 00:42:38,164 - AdeonaBot - INFO - Generated enhanced company response using local data (chatbot.py:511)
2025-09-29 00:42:38,164 - AdeonaBot - INFO - Calling function: _generate_audio_response with params: {'text_length': 1323} (logger.py:83)
2025-09-29 00:42:38,164 - AdeonaBot - INFO - Text truncated to 500 characters for TTS (chatbot.py:1024)
2025-09-29 00:42:38,164 - AdeonaBot - INFO - Calling function: generate_speech with params: {'text_length': 503, 'voice': 'Kore', 'output_file': 'response_20250929_004238_164.wav'} (logger.py:83)
2025-09-29 00:42:39,332 - AdeonaBot - WARNING - TTS rate limit hit (attempt 1), waiting 2 seconds... (gemini_service.py:361)
2025-09-29 00:42:42,442 - AdeonaBot - WARNING - TTS rate limit hit (attempt 2), waiting 4 seconds... (gemini_service.py:361)
2025-09-29 00:42:47,588 - AdeonaBot - WARNING - TTS rate limit hit (attempt 3), waiting 8 seconds... (gemini_service.py:361)
2025-09-29 00:42:47,588 - AdeonaBot - ERROR - TTS rate limit exceeded after all retries (gemini_service.py:367)
2025-09-29 00:42:47,589 - AdeonaBot - WARNING - TTS service returned None - audio generation failed (chatbot.py:1044)
2025-09-29 00:42:47,589 - AdeonaBot - WARNING - Audio generation failed - proceeding without audio (chatbot.py:109)
2025-09-29 00:42:47,589 - AdeonaBot - INFO - Chat response generated for session: session_1759086565553_tmwmc471k (routes.py:129)
2025-09-29 00:43:30,759 - AdeonaBot - INFO - Calling function: chat_endpoint with params: {'message_length': 53} (logger.py:83)
2025-09-29 00:43:30,760 - AdeonaBot - INFO - Calling function: process_message with params: {'message_length': 53, 'session_id': 'session_1759086565553_tmwmc471k'} (logger.py:83)
2025-09-29 00:43:30,761 - AdeonaBot - INFO - Calling function: handle_company_question_enhanced with params: {'query': 'What is the mission or vision of Adeona Technologi'} (logger.py:83)
2025-09-29 00:43:30,761 - AdeonaBot - INFO - Calling function: search_with_fallback with params: {'query': 'What is the mission or vision of Adeona Technologi'} (logger.py:83)
2025-09-29 00:43:30,761 - AdeonaBot - INFO - Calling function: search_adeona_knowledge with params: {'query': 'What is the mission or vision of Adeona Technologi', 'top_k': 12} (logger.py:83)
2025-09-29 00:43:30,761 - AdeonaBot - INFO - Expanded query: What is the mission or vision of Adeona Technologies? (vectordb_service.py:274)
2025-09-29 00:43:30,761 - AdeonaBot - INFO - Calling function: generate_embedding with params: {'text_length': 53} (logger.py:83)
2025-09-29 00:43:32,129 - AdeonaBot - INFO - Generated embedding with dimension: 768 (gemini_service.py:272)
2025-09-29 00:43:36,835 - AdeonaBot - INFO - Namespace adeona_local_scraped: Found 24 results above threshold 0.6 (vectordb_service.py:298)
2025-09-29 00:43:36,835 - AdeonaBot - INFO - Local search returned 24 results with expanded query (vectordb_service.py:207)
2025-09-29 00:43:36,835 - AdeonaBot - INFO - Result quality breakdown: 0 excellent, 8 good, 24 decent (vectordb_service.py:214)
2025-09-29 00:43:36,835 - AdeonaBot - INFO - Using good local results (vectordb_service.py:223)
2025-09-29 00:43:36,835 - AdeonaBot - INFO - Local search found 8 results (vectordb_service.py:313)
2025-09-29 00:43:36,835 - AdeonaBot - INFO - Have 8 moderate-quality results - no fallback needed (vectordb_service.py:352)
2025-09-29 00:43:36,835 - AdeonaBot - INFO - Local results sufficient, no fallback needed (vectordb_service.py:319)
2025-09-29 00:43:36,836 - AdeonaBot - INFO - Calling function: generate_response with params: {'prompt_length': 2896} (logger.py:83)
2025-09-29 00:43:45,931 - AdeonaBot - INFO - Generated response with 1121 characters (gemini_service.py:46)
2025-09-29 00:43:45,931 - AdeonaBot - INFO - Generated enhanced company response using local data (chatbot.py:511)
2025-09-29 00:43:45,931 - AdeonaBot - INFO - Calling function: _generate_audio_response with params: {'text_length': 1121} (logger.py:83)
2025-09-29 00:43:45,931 - AdeonaBot - INFO - Text truncated to 500 characters for TTS (chatbot.py:1024)
2025-09-29 00:43:45,931 - AdeonaBot - INFO - Calling function: generate_speech with params: {'text_length': 503, 'voice': 'Kore', 'output_file': 'response_20250929_004345_931.wav'} (logger.py:83)
2025-09-29 00:43:47,094 - AdeonaBot - WARNING - TTS rate limit hit (attempt 1), waiting 2 seconds... (gemini_service.py:361)
2025-09-29 00:43:50,202 - AdeonaBot - WARNING - TTS rate limit hit (attempt 2), waiting 4 seconds... (gemini_service.py:361)
2025-09-29 00:43:55,310 - AdeonaBot - WARNING - TTS rate limit hit (attempt 3), waiting 8 seconds... (gemini_service.py:361)
2025-09-29 00:43:55,310 - AdeonaBot - ERROR - TTS rate limit exceeded after all retries (gemini_service.py:367)
2025-09-29 00:43:55,311 - AdeonaBot - WARNING - TTS service returned None - audio generation failed (chatbot.py:1044)
2025-09-29 00:43:55,311 - AdeonaBot - WARNING - Audio generation failed - proceeding without audio (chatbot.py:109)
2025-09-29 00:43:55,311 - AdeonaBot - INFO - Chat response generated for session: session_1759086565553_tmwmc471k (routes.py:129)
2025-09-29 00:44:22,632 - AdeonaBot - INFO - Calling function: chat_endpoint with params: {'message_length': 42} (logger.py:83)
2025-09-29 00:44:22,633 - AdeonaBot - INFO - Calling function: process_message with params: {'message_length': 42, 'session_id': 'session_1759086565553_tmwmc471k'} (logger.py:83)
2025-09-29 00:44:22,633 - AdeonaBot - INFO - Calling function: handle_company_question_enhanced with params: {'query': 'Do you have a privacy policy I can review?'} (logger.py:83)
2025-09-29 00:44:22,633 - AdeonaBot - INFO - Calling function: search_with_fallback with params: {'query': 'Do you have a privacy policy I can review?'} (logger.py:83)
2025-09-29 00:44:22,633 - AdeonaBot - INFO - Calling function: search_adeona_knowledge with params: {'query': 'Do you have a privacy policy I can review?', 'top_k': 12} (logger.py:83)
2025-09-29 00:44:22,633 - AdeonaBot - INFO - Expanded query: Do you have a privacy policy I can review? Adeona Technologies (vectordb_service.py:274)
2025-09-29 00:44:22,633 - AdeonaBot - INFO - Calling function: generate_embedding with params: {'text_length': 62} (logger.py:83)
2025-09-29 00:44:23,809 - AdeonaBot - INFO - Generated embedding with dimension: 768 (gemini_service.py:272)
2025-09-29 00:44:26,026 - AdeonaBot - INFO - Namespace adeona_local_scraped: Found 24 results above threshold 0.6 (vectordb_service.py:298)
2025-09-29 00:44:26,026 - AdeonaBot - INFO - Local search returned 24 results with expanded query (vectordb_service.py:207)
2025-09-29 00:44:26,026 - AdeonaBot - INFO - Result quality breakdown: 0 excellent, 15 good, 24 decent (vectordb_service.py:214)
2025-09-29 00:44:26,026 - AdeonaBot - INFO - Using good local results (vectordb_service.py:223)
2025-09-29 00:44:26,026 - AdeonaBot - INFO - Local search found 12 results (vectordb_service.py:313)
2025-09-29 00:44:26,026 - AdeonaBot - INFO - Have 12 moderate-quality results - no fallback needed (vectordb_service.py:352)
2025-09-29 00:44:26,026 - AdeonaBot - INFO - Local results sufficient, no fallback needed (vectordb_service.py:319)
2025-09-29 00:44:26,026 - AdeonaBot - INFO - Calling function: generate_response with params: {'prompt_length': 2064} (logger.py:83)
2025-09-29 00:44:35,723 - AdeonaBot - INFO - Generated response with 675 characters (gemini_service.py:46)
2025-09-29 00:44:35,725 - AdeonaBot - INFO - Generated enhanced company response using local data (chatbot.py:511)
2025-09-29 00:44:35,726 - AdeonaBot - INFO - Calling function: _generate_audio_response with params: {'text_length': 675} (logger.py:83)
2025-09-29 00:44:35,726 - AdeonaBot - INFO - Text truncated to 500 characters for TTS (chatbot.py:1024)
2025-09-29 00:44:35,726 - AdeonaBot - INFO - Calling function: generate_speech with params: {'text_length': 503, 'voice': 'Kore', 'output_file': 'response_20250929_004435_726.wav'} (logger.py:83)
2025-09-29 00:44:36,901 - AdeonaBot - WARNING - TTS rate limit hit (attempt 1), waiting 2 seconds... (gemini_service.py:361)
2025-09-29 00:44:40,031 - AdeonaBot - WARNING - TTS rate limit hit (attempt 2), waiting 4 seconds... (gemini_service.py:361)
2025-09-29 00:44:45,087 - AdeonaBot - WARNING - TTS rate limit hit (attempt 3), waiting 8 seconds... (gemini_service.py:361)
2025-09-29 00:44:45,088 - AdeonaBot - ERROR - TTS rate limit exceeded after all retries (gemini_service.py:367)
2025-09-29 00:44:45,089 - AdeonaBot - WARNING - TTS service returned None - audio generation failed (chatbot.py:1044)
2025-09-29 00:44:45,089 - AdeonaBot - WARNING - Audio generation failed - proceeding without audio (chatbot.py:109)
2025-09-29 00:44:45,089 - AdeonaBot - INFO - Chat response generated for session: session_1759086565553_tmwmc471k (routes.py:129)
2025-09-29 00:45:47,882 - AdeonaBot - INFO - Calling function: chat_endpoint with params: {'message_length': 43} (logger.py:83)
2025-09-29 00:45:47,883 - AdeonaBot - INFO - Calling function: process_message with params: {'message_length': 43, 'session_id': 'session_1759086565553_tmwmc471k'} (logger.py:83)
2025-09-29 00:45:47,883 - AdeonaBot - INFO - Context-aware processing: 'can you give me your company privacy policy...' -> 'can you give me Adeona Technologies privacy policy...' (chatbot.py:189)
2025-09-29 00:45:47,883 - AdeonaBot - INFO - Calling function: handle_company_question_enhanced with params: {'query': 'can you give me Adeona Technologies privacy policy'} (logger.py:83)
2025-09-29 00:45:47,883 - AdeonaBot - INFO - Calling function: search_with_fallback with params: {'query': 'can you give me Adeona Technologies privacy policy'} (logger.py:83)
2025-09-29 00:45:47,884 - AdeonaBot - INFO - Calling function: search_adeona_knowledge with params: {'query': 'can you give me Adeona Technologies privacy policy', 'top_k': 12} (logger.py:83)
2025-09-29 00:45:47,884 - AdeonaBot - INFO - Expanded query: can you give me Adeona Technologies privacy policy (vectordb_service.py:274)
2025-09-29 00:45:47,884 - AdeonaBot - INFO - Calling function: generate_embedding with params: {'text_length': 50} (logger.py:83)
2025-09-29 00:45:49,136 - AdeonaBot - INFO - Generated embedding with dimension: 768 (gemini_service.py:272)
2025-09-29 00:45:54,272 - AdeonaBot - INFO - Namespace adeona_local_scraped: Found 24 results above threshold 0.6 (vectordb_service.py:298)
2025-09-29 00:45:54,273 - AdeonaBot - INFO - Local search returned 24 results with expanded query (vectordb_service.py:207)
2025-09-29 00:45:54,273 - AdeonaBot - INFO - Result quality breakdown: 1 excellent, 22 good, 24 decent (vectordb_service.py:214)
2025-09-29 00:45:54,273 - AdeonaBot - INFO - Using excellent local results (vectordb_service.py:218)
2025-09-29 00:45:54,274 - AdeonaBot - INFO - Local search found 1 results (vectordb_service.py:313)
2025-09-29 00:45:54,274 - AdeonaBot - INFO - Local results sufficient, no fallback needed (vectordb_service.py:319)
2025-09-29 00:45:54,274 - AdeonaBot - INFO - Calling function: generate_response with params: {'prompt_length': 1226} (logger.py:83)
2025-09-29 00:46:03,689 - AdeonaBot - INFO - Generated response with 768 characters (gemini_service.py:46)
2025-09-29 00:46:03,690 - AdeonaBot - INFO - Generated enhanced company response using local data (chatbot.py:511)
2025-09-29 00:46:03,690 - AdeonaBot - INFO - Calling function: _generate_audio_response with params: {'text_length': 768} (logger.py:83)
2025-09-29 00:46:03,690 - AdeonaBot - INFO - Text truncated to 500 characters for TTS (chatbot.py:1024)
2025-09-29 00:46:03,691 - AdeonaBot - INFO - Calling function: generate_speech with params: {'text_length': 503, 'voice': 'Kore', 'output_file': 'response_20250929_004603_691.wav'} (logger.py:83)
2025-09-29 00:46:04,928 - AdeonaBot - WARNING - TTS rate limit hit (attempt 1), waiting 2 seconds... (gemini_service.py:361)
2025-09-29 00:46:08,092 - AdeonaBot - WARNING - TTS rate limit hit (attempt 2), waiting 4 seconds... (gemini_service.py:361)
2025-09-29 00:46:13,353 - AdeonaBot - WARNING - TTS rate limit hit (attempt 3), waiting 8 seconds... (gemini_service.py:361)
2025-09-29 00:46:13,354 - AdeonaBot - ERROR - TTS rate limit exceeded after all retries (gemini_service.py:367)
2025-09-29 00:46:13,355 - AdeonaBot - WARNING - TTS service returned None - audio generation failed (chatbot.py:1044)
2025-09-29 00:46:13,355 - AdeonaBot - WARNING - Audio generation failed - proceeding without audio (chatbot.py:109)
2025-09-29 00:46:13,355 - AdeonaBot - INFO - Chat response generated for session: session_1759086565553_tmwmc471k (routes.py:129)
2025-09-29 00:47:15,658 - AdeonaBot - INFO - Calling function: chat_endpoint with params: {'message_length': 53} (logger.py:83)
2025-09-29 00:47:15,659 - AdeonaBot - INFO - Calling function: process_message with params: {'message_length': 53, 'session_id': 'session_1759086565553_tmwmc471k'} (logger.py:83)
2025-09-29 00:47:15,659 - AdeonaBot - INFO - Calling function: handle_company_question_enhanced with params: {'query': 'Which technologies or platforms do you specialize '} (logger.py:83)
2025-09-29 00:47:15,659 - AdeonaBot - INFO - Calling function: search_with_fallback with params: {'query': 'Which technologies or platforms do you specialize '} (logger.py:83)
2025-09-29 00:47:15,659 - AdeonaBot - INFO - Calling function: search_adeona_knowledge with params: {'query': 'Which technologies or platforms do you specialize ', 'top_k': 12} (logger.py:83)
2025-09-29 00:47:15,659 - AdeonaBot - INFO - Expanded query: Which technologies or platforms do you specialize in? Adeona Technologies (vectordb_service.py:274)
2025-09-29 00:47:15,659 - AdeonaBot - INFO - Calling function: generate_embedding with params: {'text_length': 73} (logger.py:83)
2025-09-29 00:47:16,908 - AdeonaBot - INFO - Generated embedding with dimension: 768 (gemini_service.py:272)
2025-09-29 00:47:21,501 - AdeonaBot - INFO - Namespace adeona_local_scraped: Found 24 results above threshold 0.6 (vectordb_service.py:298)
2025-09-29 00:47:21,502 - AdeonaBot - INFO - Local search returned 24 results with expanded query (vectordb_service.py:207)
2025-09-29 00:47:21,502 - AdeonaBot - INFO - Result quality breakdown: 0 excellent, 5 good, 24 decent (vectordb_service.py:214)
2025-09-29 00:47:21,502 - AdeonaBot - INFO - Using good local results (vectordb_service.py:223)
2025-09-29 00:47:21,502 - AdeonaBot - INFO - Local search found 5 results (vectordb_service.py:313)
2025-09-29 00:47:21,502 - AdeonaBot - INFO - Have 5 moderate-quality results - no fallback needed (vectordb_service.py:352)
2025-09-29 00:47:21,502 - AdeonaBot - INFO - Local results sufficient, no fallback needed (vectordb_service.py:319)
2025-09-29 00:47:21,502 - AdeonaBot - INFO - Calling function: generate_response with params: {'prompt_length': 2896} (logger.py:83)
2025-09-29 00:47:33,929 - AdeonaBot - INFO - Generated response with 1518 characters (gemini_service.py:46)
2025-09-29 00:47:33,929 - AdeonaBot - INFO - Generated enhanced company response using local data (chatbot.py:511)
2025-09-29 00:47:33,929 - AdeonaBot - INFO - Calling function: _generate_audio_response with params: {'text_length': 1518} (logger.py:83)
2025-09-29 00:47:33,929 - AdeonaBot - INFO - Text truncated to 500 characters for TTS (chatbot.py:1024)
2025-09-29 00:47:33,929 - AdeonaBot - INFO - Calling function: generate_speech with params: {'text_length': 503, 'voice': 'Kore', 'output_file': 'response_20250929_004733_929.wav'} (logger.py:83)
2025-09-29 00:47:35,126 - AdeonaBot - WARNING - TTS rate limit hit (attempt 1), waiting 2 seconds... (gemini_service.py:361)
2025-09-29 00:47:38,410 - AdeonaBot - WARNING - TTS rate limit hit (attempt 2), waiting 4 seconds... (gemini_service.py:361)
2025-09-29 00:47:43,526 - AdeonaBot - WARNING - TTS rate limit hit (attempt 3), waiting 8 seconds... (gemini_service.py:361)
2025-09-29 00:47:43,527 - AdeonaBot - ERROR - TTS rate limit exceeded after all retries (gemini_service.py:367)
2025-09-29 00:47:43,530 - AdeonaBot - WARNING - TTS service returned None - audio generation failed (chatbot.py:1044)
2025-09-29 00:47:43,530 - AdeonaBot - WARNING - Audio generation failed - proceeding without audio (chatbot.py:109)
2025-09-29 00:47:43,530 - AdeonaBot - INFO - Chat response generated for session: session_1759086565553_tmwmc471k (routes.py:129)
2025-09-29 00:48:00,377 - AdeonaBot - INFO - Calling function: chat_endpoint with params: {'message_length': 53} (logger.py:83)
2025-09-29 00:48:00,378 - AdeonaBot - INFO - Calling function: process_message with params: {'message_length': 53, 'session_id': 'session_1759086565553_tmwmc471k'} (logger.py:83)
2025-09-29 00:48:00,378 - AdeonaBot - INFO - Calling function: handle_company_question_enhanced with params: {'query': 'Is there a way for me to request a quote or propos'} (logger.py:83)
2025-09-29 00:48:00,378 - AdeonaBot - INFO - Calling function: search_with_fallback with params: {'query': 'Is there a way for me to request a quote or propos'} (logger.py:83)
2025-09-29 00:48:00,378 - AdeonaBot - INFO - Calling function: search_adeona_knowledge with params: {'query': 'Is there a way for me to request a quote or propos', 'top_k': 12} (logger.py:83)
2025-09-29 00:48:00,378 - AdeonaBot - INFO - Expanded query: Is there a way for me to request a quote or proposal? Adeona Technologies (vectordb_service.py:274)
2025-09-29 00:48:00,378 - AdeonaBot - INFO - Calling function: generate_embedding with params: {'text_length': 73} (logger.py:83)
2025-09-29 00:48:01,713 - AdeonaBot - INFO - Generated embedding with dimension: 768 (gemini_service.py:272)
2025-09-29 00:48:04,367 - AdeonaBot - INFO - Namespace adeona_local_scraped: Found 24 results above threshold 0.6 (vectordb_service.py:298)
2025-09-29 00:48:04,367 - AdeonaBot - INFO - Local search returned 24 results with expanded query (vectordb_service.py:207)
2025-09-29 00:48:04,367 - AdeonaBot - INFO - Result quality breakdown: 0 excellent, 1 good, 24 decent (vectordb_service.py:214)
2025-09-29 00:48:04,367 - AdeonaBot - INFO - Using good local results (vectordb_service.py:223)
2025-09-29 00:48:04,367 - AdeonaBot - INFO - Local search found 1 results (vectordb_service.py:313)
2025-09-29 00:48:04,367 - AdeonaBot - INFO - Local results sufficient, no fallback needed (vectordb_service.py:319)
2025-09-29 00:48:04,367 - AdeonaBot - INFO - Calling function: generate_response with params: {'prompt_length': 1222} (logger.py:83)
2025-09-29 00:48:14,254 - AdeonaBot - INFO - Generated response with 773 characters (gemini_service.py:46)
2025-09-29 00:48:14,254 - AdeonaBot - INFO - Generated enhanced company response using local data (chatbot.py:511)
2025-09-29 00:48:14,254 - AdeonaBot - INFO - Calling function: _generate_audio_response with params: {'text_length': 773} (logger.py:83)
2025-09-29 00:48:14,254 - AdeonaBot - INFO - Text truncated to 500 characters for TTS (chatbot.py:1024)
2025-09-29 00:48:14,254 - AdeonaBot - INFO - Calling function: generate_speech with params: {'text_length': 503, 'voice': 'Kore', 'output_file': 'response_20250929_004814_254.wav'} (logger.py:83)
2025-09-29 00:48:15,474 - AdeonaBot - WARNING - TTS rate limit hit (attempt 1), waiting 2 seconds... (gemini_service.py:361)
2025-09-29 00:48:18,752 - AdeonaBot - WARNING - TTS rate limit hit (attempt 2), waiting 4 seconds... (gemini_service.py:361)
2025-09-29 00:48:23,873 - AdeonaBot - WARNING - TTS rate limit hit (attempt 3), waiting 8 seconds... (gemini_service.py:361)
2025-09-29 00:48:23,874 - AdeonaBot - ERROR - TTS rate limit exceeded after all retries (gemini_service.py:367)
2025-09-29 00:48:23,875 - AdeonaBot - WARNING - TTS service returned None - audio generation failed (chatbot.py:1044)
2025-09-29 00:48:23,875 - AdeonaBot - WARNING - Audio generation failed - proceeding without audio (chatbot.py:109)
2025-09-29 00:48:23,875 - AdeonaBot - INFO - Chat response generated for session: session_1759086565553_tmwmc471k (routes.py:129)
2025-09-29 00:48:52,239 - AdeonaBot - INFO - Calling function: chat_endpoint with params: {'message_length': 49} (logger.py:83)
2025-09-29 00:48:52,240 - AdeonaBot - INFO - Calling function: process_message with params: {'message_length': 49, 'session_id': 'session_1759086565553_tmwmc471k'} (logger.py:83)
2025-09-29 00:48:52,241 - AdeonaBot - INFO - Calling function: handle_company_question_enhanced with params: {'query': 'What makes Adeona different from its competitors?'} (logger.py:83)
2025-09-29 00:48:52,241 - AdeonaBot - INFO - Calling function: search_with_fallback with params: {'query': 'What makes Adeona different from its competitors?'} (logger.py:83)
2025-09-29 00:48:52,241 - AdeonaBot - INFO - Calling function: search_adeona_knowledge with params: {'query': 'What makes Adeona different from its competitors?', 'top_k': 12} (logger.py:83)
2025-09-29 00:48:52,241 - AdeonaBot - INFO - Expanded query: What makes Adeona different from its competitors? (vectordb_service.py:274)
2025-09-29 00:48:52,241 - AdeonaBot - INFO - Calling function: generate_embedding with params: {'text_length': 49} (logger.py:83)
2025-09-29 00:48:53,574 - AdeonaBot - INFO - Generated embedding with dimension: 768 (gemini_service.py:272)
2025-09-29 00:48:54,851 - AdeonaBot - INFO - Namespace adeona_local_scraped: Found 24 results above threshold 0.6 (vectordb_service.py:298)
2025-09-29 00:48:54,851 - AdeonaBot - INFO - Local search returned 24 results with expanded query (vectordb_service.py:207)
2025-09-29 00:48:54,852 - AdeonaBot - INFO - Result quality breakdown: 0 excellent, 0 good, 24 decent (vectordb_service.py:214)
2025-09-29 00:48:54,852 - AdeonaBot - INFO - Using decent local results (vectordb_service.py:228)
2025-09-29 00:48:54,852 - AdeonaBot - INFO - Local search found 12 results (vectordb_service.py:313)
2025-09-29 00:48:54,852 - AdeonaBot - INFO - Local results sufficient, no fallback needed (vectordb_service.py:319)
2025-09-29 00:48:54,852 - AdeonaBot - INFO - Calling function: generate_response with params: {'prompt_length': 2890} (logger.py:83)
2025-09-29 00:49:07,494 - AdeonaBot - INFO - Generated response with 1832 characters (gemini_service.py:46)
2025-09-29 00:49:07,494 - AdeonaBot - INFO - Generated enhanced company response using local data (chatbot.py:511)
2025-09-29 00:49:07,494 - AdeonaBot - INFO - Calling function: _generate_audio_response with params: {'text_length': 1832} (logger.py:83)
2025-09-29 00:49:07,494 - AdeonaBot - INFO - Text truncated to 500 characters for TTS (chatbot.py:1024)
2025-09-29 00:49:07,494 - AdeonaBot - INFO - Calling function: generate_speech with params: {'text_length': 503, 'voice': 'Kore', 'output_file': 'response_20250929_004907_494.wav'} (logger.py:83)
2025-09-29 00:49:08,725 - AdeonaBot - WARNING - TTS rate limit hit (attempt 1), waiting 2 seconds... (gemini_service.py:361)
2025-09-29 00:49:11,968 - AdeonaBot - WARNING - TTS rate limit hit (attempt 2), waiting 4 seconds... (gemini_service.py:361)
2025-09-29 00:49:17,189 - AdeonaBot - WARNING - TTS rate limit hit (attempt 3), waiting 8 seconds... (gemini_service.py:361)
2025-09-29 00:49:17,189 - AdeonaBot - ERROR - TTS rate limit exceeded after all retries (gemini_service.py:367)
2025-09-29 00:49:17,191 - AdeonaBot - WARNING - TTS service returned None - audio generation failed (chatbot.py:1044)
2025-09-29 00:49:17,191 - AdeonaBot - WARNING - Audio generation failed - proceeding without audio (chatbot.py:109)
2025-09-29 00:49:17,191 - AdeonaBot - INFO - Chat response generated for session: session_1759086565553_tmwmc471k (routes.py:129)
2025-09-29 00:50:02,281 - AdeonaBot - INFO - Calling function: chat_endpoint with params: {'message_length': 35} (logger.py:83)
2025-09-29 00:50:02,282 - AdeonaBot - INFO - Calling function: process_message with params: {'message_length': 35, 'session_id': 'session_1759086565553_tmwmc471k'} (logger.py:83)
2025-09-29 00:50:02,283 - AdeonaBot - INFO - Calling function: handle_company_question_enhanced with params: {'query': 'How long has Adeona been operating?'} (logger.py:83)
2025-09-29 00:50:02,283 - AdeonaBot - INFO - Calling function: search_with_fallback with params: {'query': 'How long has Adeona been operating?'} (logger.py:83)
2025-09-29 00:50:02,283 - AdeonaBot - INFO - Calling function: search_adeona_knowledge with params: {'query': 'How long has Adeona been operating?', 'top_k': 12} (logger.py:83)
2025-09-29 00:50:02,283 - AdeonaBot - INFO - Expanded query: How long has Adeona been operating? (vectordb_service.py:274)
2025-09-29 00:50:02,283 - AdeonaBot - INFO - Calling function: generate_embedding with params: {'text_length': 35} (logger.py:83)
2025-09-29 00:50:03,491 - AdeonaBot - INFO - Generated embedding with dimension: 768 (gemini_service.py:272)
2025-09-29 00:50:08,434 - AdeonaBot - INFO - Namespace adeona_local_scraped: Found 24 results above threshold 0.6 (vectordb_service.py:298)
2025-09-29 00:50:08,434 - AdeonaBot - INFO - Local search returned 24 results with expanded query (vectordb_service.py:207)
2025-09-29 00:50:08,434 - AdeonaBot - INFO - Result quality breakdown: 0 excellent, 2 good, 24 decent (vectordb_service.py:214)
2025-09-29 00:50:08,434 - AdeonaBot - INFO - Using good local results (vectordb_service.py:223)
2025-09-29 00:50:08,434 - AdeonaBot - INFO - Local search found 2 results (vectordb_service.py:313)
2025-09-29 00:50:08,434 - AdeonaBot - INFO - Local results sufficient, no fallback needed (vectordb_service.py:319)
2025-09-29 00:50:08,434 - AdeonaBot - INFO - Calling function: generate_response with params: {'prompt_length': 1626} (logger.py:83)
2025-09-29 00:50:20,497 - AdeonaBot - INFO - Generated response with 802 characters (gemini_service.py:46)
2025-09-29 00:50:20,497 - AdeonaBot - INFO - Generated enhanced company response using local data (chatbot.py:511)
2025-09-29 00:50:20,497 - AdeonaBot - INFO - Calling function: _generate_audio_response with params: {'text_length': 802} (logger.py:83)
2025-09-29 00:50:20,497 - AdeonaBot - INFO - Text truncated to 500 characters for TTS (chatbot.py:1024)
2025-09-29 00:50:20,497 - AdeonaBot - INFO - Calling function: generate_speech with params: {'text_length': 503, 'voice': 'Kore', 'output_file': 'response_20250929_005020_497.wav'} (logger.py:83)
2025-09-29 00:50:21,732 - AdeonaBot - WARNING - TTS rate limit hit (attempt 1), waiting 2 seconds... (gemini_service.py:361)
2025-09-29 00:50:24,919 - AdeonaBot - WARNING - TTS rate limit hit (attempt 2), waiting 4 seconds... (gemini_service.py:361)
2025-09-29 00:50:30,021 - AdeonaBot - WARNING - TTS rate limit hit (attempt 3), waiting 8 seconds... (gemini_service.py:361)
2025-09-29 00:50:30,021 - AdeonaBot - ERROR - TTS rate limit exceeded after all retries (gemini_service.py:367)
2025-09-29 00:50:30,022 - AdeonaBot - WARNING - TTS service returned None - audio generation failed (chatbot.py:1044)
2025-09-29 00:50:30,022 - AdeonaBot - WARNING - Audio generation failed - proceeding without audio (chatbot.py:109)
2025-09-29 00:50:30,022 - AdeonaBot - INFO - Chat response generated for session: session_1759086565553_tmwmc471k (routes.py:129)
2025-09-29 00:53:12,348 - AdeonaBot - INFO - Calling function: chat_endpoint with params: {'message_length': 50} (logger.py:83)
2025-09-29 00:53:12,349 - AdeonaBot - INFO - Calling function: process_message with params: {'message_length': 50, 'session_id': 'session_1759086565553_tmwmc471k'} (logger.py:83)
2025-09-29 00:53:12,349 - AdeonaBot - INFO - Calling function: handle_company_question_enhanced with params: {'query': 'How long has Adeona Technologies been in business?'} (logger.py:83)
2025-09-29 00:53:12,349 - AdeonaBot - INFO - Calling function: search_with_fallback with params: {'query': 'How long has Adeona Technologies been in business?'} (logger.py:83)
2025-09-29 00:53:12,349 - AdeonaBot - INFO - Calling function: search_adeona_knowledge with params: {'query': 'How long has Adeona Technologies been in business?', 'top_k': 12} (logger.py:83)
2025-09-29 00:53:12,349 - AdeonaBot - INFO - Expanded query: How long has Adeona Technologies been in business? (vectordb_service.py:274)
2025-09-29 00:53:12,350 - AdeonaBot - INFO - Calling function: generate_embedding with params: {'text_length': 50} (logger.py:83)
2025-09-29 00:53:13,879 - AdeonaBot - INFO - Generated embedding with dimension: 768 (gemini_service.py:272)
2025-09-29 00:53:17,510 - AdeonaBot - INFO - Namespace adeona_local_scraped: Found 24 results above threshold 0.6 (vectordb_service.py:298)
2025-09-29 00:53:17,510 - AdeonaBot - INFO - Local search returned 24 results with expanded query (vectordb_service.py:207)
2025-09-29 00:53:17,510 - AdeonaBot - INFO - Result quality breakdown: 0 excellent, 6 good, 24 decent (vectordb_service.py:214)
2025-09-29 00:53:17,510 - AdeonaBot - INFO - Using good local results (vectordb_service.py:223)
2025-09-29 00:53:17,510 - AdeonaBot - INFO - Local search found 6 results (vectordb_service.py:313)
2025-09-29 00:53:17,510 - AdeonaBot - INFO - Have 6 moderate-quality results - no fallback needed (vectordb_service.py:352)
2025-09-29 00:53:17,510 - AdeonaBot - INFO - Local results sufficient, no fallback needed (vectordb_service.py:319)
2025-09-29 00:53:17,510 - AdeonaBot - INFO - Calling function: generate_response with params: {'prompt_length': 2893} (logger.py:83)
2025-09-29 00:53:28,193 - AdeonaBot - INFO - Generated response with 722 characters (gemini_service.py:46)
2025-09-29 00:53:28,194 - AdeonaBot - INFO - Generated enhanced company response using local data (chatbot.py:511)
2025-09-29 00:53:28,194 - AdeonaBot - INFO - Calling function: _generate_audio_response with params: {'text_length': 722} (logger.py:83)
2025-09-29 00:53:28,194 - AdeonaBot - INFO - Text truncated to 500 characters for TTS (chatbot.py:1024)
2025-09-29 00:53:28,194 - AdeonaBot - INFO - Calling function: generate_speech with params: {'text_length': 503, 'voice': 'Kore', 'output_file': 'response_20250929_005328_194.wav'} (logger.py:83)
2025-09-29 00:53:29,388 - AdeonaBot - WARNING - TTS rate limit hit (attempt 1), waiting 2 seconds... (gemini_service.py:361)
2025-09-29 00:53:32,536 - AdeonaBot - WARNING - TTS rate limit hit (attempt 2), waiting 4 seconds... (gemini_service.py:361)
2025-09-29 00:53:37,824 - AdeonaBot - WARNING - TTS rate limit hit (attempt 3), waiting 8 seconds... (gemini_service.py:361)
2025-09-29 00:53:37,825 - AdeonaBot - ERROR - TTS rate limit exceeded after all retries (gemini_service.py:367)
2025-09-29 00:53:37,829 - AdeonaBot - WARNING - TTS service returned None - audio generation failed (chatbot.py:1044)
2025-09-29 00:53:37,829 - AdeonaBot - WARNING - Audio generation failed - proceeding without audio (chatbot.py:109)
2025-09-29 00:53:37,829 - AdeonaBot - INFO - Chat response generated for session: session_1759086565553_tmwmc471k (routes.py:129)
2025-09-29 00:54:08,906 - AdeonaBot - INFO - Calling function: chat_endpoint with params: {'message_length': 24} (logger.py:83)
2025-09-29 00:54:08,907 - AdeonaBot - INFO - Calling function: process_message with params: {'message_length': 24, 'session_id': 'session_1759086565553_tmwmc471k'} (logger.py:83)
2025-09-29 00:54:08,907 - AdeonaBot - INFO - Calling function: _generate_audio_response with params: {'text_length': 62} (logger.py:83)
2025-09-29 00:54:08,907 - AdeonaBot - INFO - Calling function: generate_speech with params: {'text_length': 62, 'voice': 'Kore', 'output_file': 'response_20250929_005408_907.wav'} (logger.py:83)
2025-09-29 00:54:10,038 - AdeonaBot - WARNING - TTS rate limit hit (attempt 1), waiting 2 seconds... (gemini_service.py:361)
2025-09-29 00:54:13,171 - AdeonaBot - WARNING - TTS rate limit hit (attempt 2), waiting 4 seconds... (gemini_service.py:361)
2025-09-29 00:54:18,297 - AdeonaBot - WARNING - TTS rate limit hit (attempt 3), waiting 8 seconds... (gemini_service.py:361)
2025-09-29 00:54:18,297 - AdeonaBot - ERROR - TTS rate limit exceeded after all retries (gemini_service.py:367)
2025-09-29 00:54:18,298 - AdeonaBot - WARNING - TTS service returned None - audio generation failed (chatbot.py:1044)
2025-09-29 00:54:18,298 - AdeonaBot - WARNING - Audio generation failed - proceeding without audio (chatbot.py:109)
2025-09-29 00:54:18,298 - AdeonaBot - INFO - Chat response generated for session: session_1759086565553_tmwmc471k (routes.py:129)
2025-09-29 00:54:35,471 - AdeonaBot - INFO - Calling function: chat_endpoint with params: {'message_length': 46} (logger.py:83)
2025-09-29 00:54:35,472 - AdeonaBot - INFO - Calling function: process_message with params: {'message_length': 46, 'session_id': 'session_1759086565553_tmwmc471k'} (logger.py:83)
2025-09-29 00:54:35,472 - AdeonaBot - INFO - Calling function: handle_company_question_enhanced with params: {'query': 'How many years of experience does Adeona have?'} (logger.py:83)
2025-09-29 00:54:35,472 - AdeonaBot - INFO - Calling function: search_with_fallback with params: {'query': 'How many years of experience does Adeona have?'} (logger.py:83)
2025-09-29 00:54:35,472 - AdeonaBot - INFO - Calling function: search_adeona_knowledge with params: {'query': 'How many years of experience does Adeona have?', 'top_k': 12} (logger.py:83)
2025-09-29 00:54:35,472 - AdeonaBot - INFO - Expanded query: How many years of experience does Adeona have? (vectordb_service.py:274)
2025-09-29 00:54:35,472 - AdeonaBot - INFO - Calling function: generate_embedding with params: {'text_length': 46} (logger.py:83)
2025-09-29 00:54:36,803 - AdeonaBot - INFO - Generated embedding with dimension: 768 (gemini_service.py:272)
2025-09-29 00:54:41,028 - AdeonaBot - INFO - Namespace adeona_local_scraped: Found 24 results above threshold 0.6 (vectordb_service.py:298)
2025-09-29 00:54:41,028 - AdeonaBot - INFO - Local search returned 24 results with expanded query (vectordb_service.py:207)
2025-09-29 00:54:41,028 - AdeonaBot - INFO - Result quality breakdown: 0 excellent, 3 good, 24 decent (vectordb_service.py:214)
2025-09-29 00:54:41,028 - AdeonaBot - INFO - Using good local results (vectordb_service.py:223)
2025-09-29 00:54:41,028 - AdeonaBot - INFO - Local search found 3 results (vectordb_service.py:313)
2025-09-29 00:54:41,028 - AdeonaBot - INFO - Have 3 moderate-quality results - no fallback needed (vectordb_service.py:352)
2025-09-29 00:54:41,028 - AdeonaBot - INFO - Local results sufficient, no fallback needed (vectordb_service.py:319)
2025-09-29 00:54:41,028 - AdeonaBot - INFO - Calling function: generate_response with params: {'prompt_length': 2050} (logger.py:83)
2025-09-29 00:54:53,063 - AdeonaBot - INFO - Generated response with 972 characters (gemini_service.py:46)
2025-09-29 00:54:53,064 - AdeonaBot - INFO - Generated enhanced company response using local data (chatbot.py:511)
2025-09-29 00:54:53,064 - AdeonaBot - INFO - Calling function: _generate_audio_response with params: {'text_length': 972} (logger.py:83)
2025-09-29 00:54:53,064 - AdeonaBot - INFO - Text truncated to 500 characters for TTS (chatbot.py:1024)
2025-09-29 00:54:53,064 - AdeonaBot - INFO - Calling function: generate_speech with params: {'text_length': 503, 'voice': 'Kore', 'output_file': 'response_20250929_005453_064.wav'} (logger.py:83)
2025-09-29 00:54:54,217 - AdeonaBot - WARNING - TTS rate limit hit (attempt 1), waiting 2 seconds... (gemini_service.py:361)
2025-09-29 00:54:57,386 - AdeonaBot - WARNING - TTS rate limit hit (attempt 2), waiting 4 seconds... (gemini_service.py:361)
2025-09-29 00:55:02,516 - AdeonaBot - WARNING - TTS rate limit hit (attempt 3), waiting 8 seconds... (gemini_service.py:361)
2025-09-29 00:55:02,516 - AdeonaBot - ERROR - TTS rate limit exceeded after all retries (gemini_service.py:367)
2025-09-29 00:55:02,519 - AdeonaBot - WARNING - TTS service returned None - audio generation failed (chatbot.py:1044)
2025-09-29 00:55:02,519 - AdeonaBot - WARNING - Audio generation failed - proceeding without audio (chatbot.py:109)
2025-09-29 00:55:02,520 - AdeonaBot - INFO - Chat response generated for session: session_1759086565553_tmwmc471k (routes.py:129)
2025-09-29 01:00:19,745 - AdeonaBot - INFO - Application shutdown completed (main.py:77)
